#
# There is insufficient memory for the Java Runtime Environment to continue.
# Native memory allocation (malloc) failed to allocate 1649456 bytes for Chunk::new
# Possible reasons:
#   The system is out of physical RAM or swap space
#   The process is running with CompressedOops enabled, and the Java Heap may be blocking the growth of the native heap
# Possible solutions:
#   Reduce memory load on the system
#   Increase physical memory or swap space
#   Check if swap backing store is full
#   Decrease Java heap size (-Xmx/-Xms)
#   Decrease number of Java threads
#   Decrease Java thread stack sizes (-Xss)
#   Set larger code cache with -XX:ReservedCodeCacheSize=
#   JVM is running with Unscaled Compressed Oops mode in which the Java heap is
#     placed in the first 4GB address space. The Java Heap base address is the
#     maximum limit for the native heap growth. Please use -XX:HeapBaseMinAddress
#     to set the Java Heap base and to place the Java Heap above 4GB virtual address.
# This output file may be truncated or incomplete.
#
#  Out of Memory Error (arena.cpp:191), pid=13848, tid=12292
#
# JRE version: OpenJDK Runtime Environment Temurin-17.0.9+9 (17.0.9+9) (build 17.0.9+9)
# Java VM: OpenJDK 64-Bit Server VM Temurin-17.0.9+9 (17.0.9+9, mixed mode, sharing, tiered, compressed oops, compressed class ptrs, g1 gc, windows-amd64)
# No core dump will be written. Minidumps are not enabled by default on client versions of Windows
#

---------------  S U M M A R Y ------------

Command Line: --add-opens=java.base/java.lang=ALL-UNNAMED --add-opens=java.base/java.lang.invoke=ALL-UNNAMED --add-opens=java.base/java.util=ALL-UNNAMED --add-opens=java.prefs/java.util.prefs=ALL-UNNAMED --add-exports=jdk.compiler/com.sun.tools.javac.api=ALL-UNNAMED --add-exports=jdk.compiler/com.sun.tools.javac.util=ALL-UNNAMED --add-opens=java.base/java.util=ALL-UNNAMED --add-opens=java.prefs/java.util.prefs=ALL-UNNAMED --add-opens=java.base/java.nio.charset=ALL-UNNAMED --add-opens=java.base/java.net=ALL-UNNAMED --add-opens=java.base/java.util.concurrent.atomic=ALL-UNNAMED --add-opens=java.xml/javax.xml.namespace=ALL-UNNAMED -XX:MaxMetaspaceSize=384m -XX:+HeapDumpOnOutOfMemoryError -Xms256m -Xmx512m -Dfile.encoding=UTF-8 -Duser.country=PE -Duser.language=es -Duser.variant -javaagent:C:\Users\VICTUS\.gradle\wrapper\dists\gradle-8.14.3-bin\cv11ve7ro1n3o1j4so8xd9n66\gradle-8.14.3\lib\agents\gradle-instrumentation-agent-8.14.3.jar org.gradle.launcher.daemon.bootstrap.GradleDaemon 8.14.3

Host: 11th Gen Intel(R) Core(TM) i5-11400H @ 2.70GHz, 12 cores, 31G,  Windows 11 , 64 bit Build 26100 (10.0.26100.7019)
Time: Sat Nov  8 00:01:42 2025 Hora est. Pacífico, Sudamérica elapsed time: 10.617695 seconds (0d 0h 0m 10s)

---------------  T H R E A D  ---------------

Current thread (0x000001aa00766c50):  JavaThread "C2 CompilerThread1" daemon [_thread_in_native, id=12292, stack(0x0000003068700000,0x0000003068800000)]


Current CompileTask:
C2:  10617 4439       4       groovy.lang.MetaClassImpl$1MOPIter::methodNameAction (325 bytes)

Stack: [0x0000003068700000,0x0000003068800000]
Native frames: (J=compiled Java code, j=interpreted, Vv=VM code, C=native code)
V  [jvm.dll+0x67cf49]
V  [jvm.dll+0x83478a]
V  [jvm.dll+0x83624e]
V  [jvm.dll+0x8368b3]
V  [jvm.dll+0x247f1f]
V  [jvm.dll+0xac43c]
V  [jvm.dll+0xaca8c]
V  [jvm.dll+0x367012]
V  [jvm.dll+0x3313ba]
V  [jvm.dll+0x33085a]
V  [jvm.dll+0x21a5b1]
V  [jvm.dll+0x2199d1]
V  [jvm.dll+0x1a57cd]
V  [jvm.dll+0x2297ae]
V  [jvm.dll+0x22797c]
V  [jvm.dll+0x7e9877]
V  [jvm.dll+0x7e3c3a]
V  [jvm.dll+0x67be35]
C  [ucrtbase.dll+0x37b0]
C  [KERNEL32.DLL+0x2e8d7]
C  [ntdll.dll+0x8c53c]


---------------  P R O C E S S  ---------------

Threads class SMR info:
_java_thread_list=0x000001aa016f23c0, length=37, elements={
0x000001aa48e32bc0, 0x000001aa63e19a00, 0x000001aa63e1a4d0, 0x000001aa63e2a590,
0x000001aa63e2bf70, 0x000001aa63e2e850, 0x000001aa63e2f120, 0x000001aa63e2fdd0,
0x000001aa63e407a0, 0x000001aa63e470d0, 0x000001aa63e06f80, 0x000001aa7d221600,
0x000001aa7d29c500, 0x000001aa7ebce530, 0x000001aa7ef4d790, 0x000001aa7ee46080,
0x000001aa7e651860, 0x000001aa7efd1fb0, 0x000001aa7efd1080, 0x000001aa7efd3e10,
0x000001aa7efd1aa0, 0x000001aa7efd4320, 0x000001aa7efd4830, 0x000001aa7efd24c0,
0x000001aa7efd1590, 0x000001aa00766c50, 0x000001aa7efd2ee0, 0x000001aa7efd33f0,
0x000001aa7efd3900, 0x000001aa00e1c1b0, 0x000001aa00e1e520, 0x000001aa00e1db00,
0x000001aa00e1d5f0, 0x000001aa00e1c6c0, 0x000001aa00e1cbd0, 0x000001aa00e1ef40,
0x000001aa00e1d0e0
}

Java Threads: ( => current thread )
  0x000001aa48e32bc0 JavaThread "main" [_thread_blocked, id=28384, stack(0x0000003066200000,0x0000003066300000)]
  0x000001aa63e19a00 JavaThread "Reference Handler" daemon [_thread_blocked, id=7296, stack(0x0000003066900000,0x0000003066a00000)]
  0x000001aa63e1a4d0 JavaThread "Finalizer" daemon [_thread_blocked, id=13644, stack(0x0000003066a00000,0x0000003066b00000)]
  0x000001aa63e2a590 JavaThread "Signal Dispatcher" daemon [_thread_blocked, id=28232, stack(0x0000003066b00000,0x0000003066c00000)]
  0x000001aa63e2bf70 JavaThread "Attach Listener" daemon [_thread_blocked, id=9664, stack(0x0000003066c00000,0x0000003066d00000)]
  0x000001aa63e2e850 JavaThread "Service Thread" daemon [_thread_blocked, id=25224, stack(0x0000003066d00000,0x0000003066e00000)]
  0x000001aa63e2f120 JavaThread "Monitor Deflation Thread" daemon [_thread_blocked, id=15512, stack(0x0000003066e00000,0x0000003066f00000)]
  0x000001aa63e2fdd0 JavaThread "C2 CompilerThread0" daemon [_thread_blocked, id=31356, stack(0x0000003066f00000,0x0000003067000000)]
  0x000001aa63e407a0 JavaThread "C1 CompilerThread0" daemon [_thread_blocked, id=38300, stack(0x0000003067000000,0x0000003067100000)]
  0x000001aa63e470d0 JavaThread "Sweeper thread" daemon [_thread_blocked, id=34700, stack(0x0000003067100000,0x0000003067200000)]
  0x000001aa63e06f80 JavaThread "Common-Cleaner" daemon [_thread_blocked, id=30836, stack(0x0000003067200000,0x0000003067300000)]
  0x000001aa7d221600 JavaThread "Notification Thread" daemon [_thread_blocked, id=40744, stack(0x0000003067300000,0x0000003067400000)]
  0x000001aa7d29c500 JavaThread "Daemon health stats" [_thread_blocked, id=33808, stack(0x0000003067500000,0x0000003067600000)]
  0x000001aa7ebce530 JavaThread "Incoming local TCP Connector on port 61547" [_thread_in_native, id=9760, stack(0x0000003067600000,0x0000003067700000)]
  0x000001aa7ef4d790 JavaThread "Daemon periodic checks" [_thread_blocked, id=28600, stack(0x0000003067c00000,0x0000003067d00000)]
  0x000001aa7ee46080 JavaThread "Daemon" [_thread_blocked, id=15732, stack(0x0000003067d00000,0x0000003067e00000)]
  0x000001aa7e651860 JavaThread "Handler for socket connection from /127.0.0.1:61547 to /127.0.0.1:61548" [_thread_in_native, id=6176, stack(0x0000003067e00000,0x0000003067f00000)]
  0x000001aa7efd1fb0 JavaThread "Cancel handler" [_thread_blocked, id=33184, stack(0x0000003067f00000,0x0000003068000000)]
  0x000001aa7efd1080 JavaThread "Daemon worker" [_thread_in_native, id=37584, stack(0x0000003068000000,0x0000003068100000)]
  0x000001aa7efd3e10 JavaThread "Asynchronous log dispatcher for DefaultDaemonConnection: socket connection from /127.0.0.1:61547 to /127.0.0.1:61548" [_thread_blocked, id=30420, stack(0x0000003068100000,0x0000003068200000)]
  0x000001aa7efd1aa0 JavaThread "Stdin handler" [_thread_blocked, id=22760, stack(0x0000003068200000,0x0000003068300000)]
  0x000001aa7efd4320 JavaThread "Daemon client event forwarder" [_thread_blocked, id=31780, stack(0x0000003068300000,0x0000003068400000)]
  0x000001aa7efd4830 JavaThread "Cache worker for journal cache (C:\Users\VICTUS\.gradle\caches\journal-1)" [_thread_blocked, id=19368, stack(0x0000003068400000,0x0000003068500000)]
  0x000001aa7efd24c0 JavaThread "File lock request listener" [_thread_in_native, id=40488, stack(0x0000003068500000,0x0000003068600000)]
  0x000001aa7efd1590 JavaThread "Cache worker for file hash cache (C:\Users\VICTUS\.gradle\caches\8.14.3\fileHashes)" [_thread_blocked, id=39368, stack(0x0000003068600000,0x0000003068700000)]
=>0x000001aa00766c50 JavaThread "C2 CompilerThread1" daemon [_thread_in_native, id=12292, stack(0x0000003068700000,0x0000003068800000)]
  0x000001aa7efd2ee0 JavaThread "Cache worker for file hash cache (D:\codigos reyna\Kadosh - BackEnd\.gradle\8.14.3\fileHashes)" [_thread_blocked, id=30580, stack(0x0000003068800000,0x0000003068900000)]
  0x000001aa7efd33f0 JavaThread "Cache worker for Build Output Cleanup Cache (D:\codigos reyna\Kadosh - BackEnd\.gradle\buildOutputCleanup)" [_thread_blocked, id=25120, stack(0x0000003068900000,0x0000003068a00000)]
  0x000001aa7efd3900 JavaThread "File watcher server" daemon [_thread_in_native, id=39548, stack(0x0000003069100000,0x0000003069200000)]
  0x000001aa00e1c1b0 JavaThread "File watcher consumer" daemon [_thread_blocked, id=19628, stack(0x0000003069200000,0x0000003069300000)]
  0x000001aa00e1e520 JavaThread "jar transforms" [_thread_blocked, id=31696, stack(0x0000003069300000,0x0000003069400000)]
  0x000001aa00e1db00 JavaThread "jar transforms Thread 2" [_thread_blocked, id=32124, stack(0x0000003069400000,0x0000003069500000)]
  0x000001aa00e1d5f0 JavaThread "Cache worker for checksums cache (D:\codigos reyna\Kadosh - BackEnd\.gradle\8.14.3\checksums)" [_thread_blocked, id=20424, stack(0x0000003069500000,0x0000003069600000)]
  0x000001aa00e1c6c0 JavaThread "Cache worker for file content cache (C:\Users\VICTUS\.gradle\caches\8.14.3\fileContent)" [_thread_blocked, id=31776, stack(0x0000003069600000,0x0000003069700000)]
  0x000001aa00e1cbd0 JavaThread "jar transforms Thread 3" [_thread_blocked, id=34240, stack(0x0000003069700000,0x0000003069800000)]
  0x000001aa00e1ef40 JavaThread "Cache worker for cache directory md-supplier (C:\Users\VICTUS\.gradle\caches\8.14.3\md-supplier)" [_thread_blocked, id=26540, stack(0x0000003069800000,0x0000003069900000)]
  0x000001aa00e1d0e0 JavaThread "Cache worker for cache directory md-rule (C:\Users\VICTUS\.gradle\caches\8.14.3\md-rule)" [_thread_blocked, id=6248, stack(0x0000003069900000,0x0000003069a00000)]

Other Threads:
  0x000001aa63e154a0 VMThread "VM Thread" [stack: 0x0000003066800000,0x0000003066900000] [id=36024]
  0x000001aa48e33950 WatcherThread [stack: 0x0000003067400000,0x0000003067500000] [id=31864]
  0x000001aa48e62a10 GCTaskThread "GC Thread#0" [stack: 0x0000003066300000,0x0000003066400000] [id=40160]
  0x000001aa7d6d09c0 GCTaskThread "GC Thread#1" [stack: 0x0000003067700000,0x0000003067800000] [id=40396]
  0x000001aa7d569650 GCTaskThread "GC Thread#2" [stack: 0x0000003067800000,0x0000003067900000] [id=40236]
  0x000001aa7d611c40 GCTaskThread "GC Thread#3" [stack: 0x0000003067900000,0x0000003067a00000] [id=38004]
  0x000001aa7d29b930 GCTaskThread "GC Thread#4" [stack: 0x0000003067a00000,0x0000003067b00000] [id=13616]
  0x000001aa7d29bbf0 GCTaskThread "GC Thread#5" [stack: 0x0000003067b00000,0x0000003067c00000] [id=28884]
  0x000001aa7f2d3950 GCTaskThread "GC Thread#6" [stack: 0x0000003068a00000,0x0000003068b00000] [id=39216]
  0x000001aa7e79d590 GCTaskThread "GC Thread#7" [stack: 0x0000003068b00000,0x0000003068c00000] [id=21976]
  0x000001aa7f5c45a0 GCTaskThread "GC Thread#8" [stack: 0x0000003068c00000,0x0000003068d00000] [id=4888]
  0x000001aa01b72860 GCTaskThread "GC Thread#9" [stack: 0x0000003068d00000,0x0000003068e00000] [id=38308]
  0x000001aa48e67870 ConcurrentGCThread "G1 Main Marker" [stack: 0x0000003066400000,0x0000003066500000] [id=30524]
  0x000001aa46b9afa0 ConcurrentGCThread "G1 Conc#0" [stack: 0x0000003066500000,0x0000003066600000] [id=8720]
  0x000001aa002e2ba0 ConcurrentGCThread "G1 Conc#1" [stack: 0x0000003068e00000,0x0000003068f00000] [id=29220]
  0x000001aa002e28e0 ConcurrentGCThread "G1 Conc#2" [stack: 0x0000003068f00000,0x0000003069000000] [id=29076]
  0x000001aa48edd610 ConcurrentGCThread "G1 Refine#0" [stack: 0x0000003066600000,0x0000003066700000] [id=13156]
  0x000001aa48eddf50 ConcurrentGCThread "G1 Service" [stack: 0x0000003066700000,0x0000003066800000] [id=39516]

Threads with active compile tasks:
C2 CompilerThread1    10653 4439       4       groovy.lang.MetaClassImpl$1MOPIter::methodNameAction (325 bytes)

VM state: not at safepoint (normal execution)

VM Mutex/Monitor currently owned by a thread: None

Heap address: 0x00000000e0000000, size: 512 MB, Compressed Oops mode: 32-bit

CDS archive(s) mapped at: [0x000001aa64000000-0x000001aa64ba0000-0x000001aa64ba0000), size 12189696, SharedBaseAddress: 0x000001aa64000000, ArchiveRelocationMode: 1.
Compressed class space mapped at: 0x000001aa65000000-0x000001aa79000000, reserved size: 335544320
Narrow klass base: 0x000001aa64000000, Narrow klass shift: 0, Narrow klass range: 0x100000000

GC Precious Log:
 CPUs: 12 total, 12 available
 Memory: 32405M
 Large Page Support: Disabled
 NUMA Support: Disabled
 Compressed Oops: Enabled (32-bit)
 Heap Region Size: 1M
 Heap Min Capacity: 256M
 Heap Initial Capacity: 256M
 Heap Max Capacity: 512M
 Pre-touch: Disabled
 Parallel Workers: 10
 Concurrent Workers: 3
 Concurrent Refinement Workers: 10
 Periodic GC: Disabled

Heap:
 garbage-first heap   total 262144K, used 64405K [0x00000000e0000000, 0x0000000100000000)
  region size 1024K, 48 young (49152K), 16 survivors (16384K)
 Metaspace       used 39061K, committed 39552K, reserved 393216K
  class space    used 5478K, committed 5696K, reserved 327680K

Heap Regions: E=young(eden), S=young(survivor), O=old, HS=humongous(starts), HC=humongous(continues), CS=collection set, F=free, OA=open archive, CA=closed archive, TAMS=top-at-mark-start (previous, next)
|   0|0x00000000e0000000, 0x00000000e0100000, 0x00000000e0100000|100%|HS|  |TAMS 0x00000000e0100000, 0x00000000e0000000| Complete 
|   1|0x00000000e0100000, 0x00000000e0200000, 0x00000000e0200000|100%|HC|  |TAMS 0x00000000e0200000, 0x00000000e0100000| Complete 
|   2|0x00000000e0200000, 0x00000000e0300000, 0x00000000e0300000|100%|HC|  |TAMS 0x00000000e0300000, 0x00000000e0200000| Complete 
|   3|0x00000000e0300000, 0x00000000e0400000, 0x00000000e0400000|100%| O|  |TAMS 0x00000000e0400000, 0x00000000e0300000| Untracked 
|   4|0x00000000e0400000, 0x00000000e0500000, 0x00000000e0500000|100%| O|  |TAMS 0x00000000e0500000, 0x00000000e0400000| Untracked 
|   5|0x00000000e0500000, 0x00000000e0600000, 0x00000000e0600000|100%| O|  |TAMS 0x00000000e0600000, 0x00000000e0500000| Untracked 
|   6|0x00000000e0600000, 0x00000000e0700000, 0x00000000e0700000|100%|HS|  |TAMS 0x00000000e0700000, 0x00000000e0600000| Complete 
|   7|0x00000000e0700000, 0x00000000e0700000, 0x00000000e0800000|  0%| F|  |TAMS 0x00000000e0700000, 0x00000000e0700000| Untracked 
|   8|0x00000000e0800000, 0x00000000e0900000, 0x00000000e0900000|100%| O|  |TAMS 0x00000000e0900000, 0x00000000e0800000| Untracked 
|   9|0x00000000e0900000, 0x00000000e0a00000, 0x00000000e0a00000|100%| O|  |TAMS 0x00000000e0a00000, 0x00000000e0900000| Untracked 
|  10|0x00000000e0a00000, 0x00000000e0b00000, 0x00000000e0b00000|100%| O|  |TAMS 0x00000000e0b00000, 0x00000000e0a00000| Untracked 
|  11|0x00000000e0b00000, 0x00000000e0c00000, 0x00000000e0c00000|100%| O|  |TAMS 0x00000000e0c00000, 0x00000000e0b00000| Untracked 
|  12|0x00000000e0c00000, 0x00000000e0d00000, 0x00000000e0d00000|100%| O|  |TAMS 0x00000000e0cb4400, 0x00000000e0c00000| Untracked 
|  13|0x00000000e0d00000, 0x00000000e0d00000, 0x00000000e0e00000|  0%| F|  |TAMS 0x00000000e0d00000, 0x00000000e0d00000| Untracked 
|  14|0x00000000e0e00000, 0x00000000e0e00000, 0x00000000e0f00000|  0%| F|  |TAMS 0x00000000e0e00000, 0x00000000e0e00000| Untracked 
|  15|0x00000000e0f00000, 0x00000000e0f00000, 0x00000000e1000000|  0%| F|  |TAMS 0x00000000e0f00000, 0x00000000e0f00000| Untracked 
|  16|0x00000000e1000000, 0x00000000e1000000, 0x00000000e1100000|  0%| F|  |TAMS 0x00000000e1000000, 0x00000000e1000000| Untracked 
|  17|0x00000000e1100000, 0x00000000e1200000, 0x00000000e1200000|100%| O|  |TAMS 0x00000000e1100000, 0x00000000e1100000| Untracked 
|  18|0x00000000e1200000, 0x00000000e1300000, 0x00000000e1300000|100%| O|  |TAMS 0x00000000e1200000, 0x00000000e1200000| Untracked 
|  19|0x00000000e1300000, 0x00000000e1400000, 0x00000000e1400000|100%| O|  |TAMS 0x00000000e1300000, 0x00000000e1300000| Untracked 
|  20|0x00000000e1400000, 0x00000000e14fa400, 0x00000000e1500000| 97%| O|  |TAMS 0x00000000e1400000, 0x00000000e1400000| Untracked 
|  21|0x00000000e1500000, 0x00000000e1500000, 0x00000000e1600000|  0%| F|  |TAMS 0x00000000e1500000, 0x00000000e1500000| Untracked 
|  22|0x00000000e1600000, 0x00000000e1600000, 0x00000000e1700000|  0%| F|  |TAMS 0x00000000e1600000, 0x00000000e1600000| Untracked 
|  23|0x00000000e1700000, 0x00000000e1700000, 0x00000000e1800000|  0%| F|  |TAMS 0x00000000e1700000, 0x00000000e1700000| Untracked 
|  24|0x00000000e1800000, 0x00000000e1800000, 0x00000000e1900000|  0%| F|  |TAMS 0x00000000e1800000, 0x00000000e1800000| Untracked 
|  25|0x00000000e1900000, 0x00000000e1900000, 0x00000000e1a00000|  0%| F|  |TAMS 0x00000000e1900000, 0x00000000e1900000| Untracked 
|  26|0x00000000e1a00000, 0x00000000e1a00000, 0x00000000e1b00000|  0%| F|  |TAMS 0x00000000e1a00000, 0x00000000e1a00000| Untracked 
|  27|0x00000000e1b00000, 0x00000000e1b00000, 0x00000000e1c00000|  0%| F|  |TAMS 0x00000000e1b00000, 0x00000000e1b00000| Untracked 
|  28|0x00000000e1c00000, 0x00000000e1c00000, 0x00000000e1d00000|  0%| F|  |TAMS 0x00000000e1c00000, 0x00000000e1c00000| Untracked 
|  29|0x00000000e1d00000, 0x00000000e1d00000, 0x00000000e1e00000|  0%| F|  |TAMS 0x00000000e1d00000, 0x00000000e1d00000| Untracked 
|  30|0x00000000e1e00000, 0x00000000e1e00000, 0x00000000e1f00000|  0%| F|  |TAMS 0x00000000e1e00000, 0x00000000e1e00000| Untracked 
|  31|0x00000000e1f00000, 0x00000000e1f00000, 0x00000000e2000000|  0%| F|  |TAMS 0x00000000e1f00000, 0x00000000e1f00000| Untracked 
|  32|0x00000000e2000000, 0x00000000e2000000, 0x00000000e2100000|  0%| F|  |TAMS 0x00000000e2000000, 0x00000000e2000000| Untracked 
|  33|0x00000000e2100000, 0x00000000e2100000, 0x00000000e2200000|  0%| F|  |TAMS 0x00000000e2100000, 0x00000000e2100000| Untracked 
|  34|0x00000000e2200000, 0x00000000e2200000, 0x00000000e2300000|  0%| F|  |TAMS 0x00000000e2200000, 0x00000000e2200000| Untracked 
|  35|0x00000000e2300000, 0x00000000e2300000, 0x00000000e2400000|  0%| F|  |TAMS 0x00000000e2300000, 0x00000000e2300000| Untracked 
|  36|0x00000000e2400000, 0x00000000e2400000, 0x00000000e2500000|  0%| F|  |TAMS 0x00000000e2400000, 0x00000000e2400000| Untracked 
|  37|0x00000000e2500000, 0x00000000e2500000, 0x00000000e2600000|  0%| F|  |TAMS 0x00000000e2500000, 0x00000000e2500000| Untracked 
|  38|0x00000000e2600000, 0x00000000e2600000, 0x00000000e2700000|  0%| F|  |TAMS 0x00000000e2600000, 0x00000000e2600000| Untracked 
|  39|0x00000000e2700000, 0x00000000e2700000, 0x00000000e2800000|  0%| F|  |TAMS 0x00000000e2700000, 0x00000000e2700000| Untracked 
|  40|0x00000000e2800000, 0x00000000e2800000, 0x00000000e2900000|  0%| F|  |TAMS 0x00000000e2800000, 0x00000000e2800000| Untracked 
|  41|0x00000000e2900000, 0x00000000e2900000, 0x00000000e2a00000|  0%| F|  |TAMS 0x00000000e2900000, 0x00000000e2900000| Untracked 
|  42|0x00000000e2a00000, 0x00000000e2a00000, 0x00000000e2b00000|  0%| F|  |TAMS 0x00000000e2a00000, 0x00000000e2a00000| Untracked 
|  43|0x00000000e2b00000, 0x00000000e2b00000, 0x00000000e2c00000|  0%| F|  |TAMS 0x00000000e2b00000, 0x00000000e2b00000| Untracked 
|  44|0x00000000e2c00000, 0x00000000e2c00000, 0x00000000e2d00000|  0%| F|  |TAMS 0x00000000e2c00000, 0x00000000e2c00000| Untracked 
|  45|0x00000000e2d00000, 0x00000000e2d00000, 0x00000000e2e00000|  0%| F|  |TAMS 0x00000000e2d00000, 0x00000000e2d00000| Untracked 
|  46|0x00000000e2e00000, 0x00000000e2e00000, 0x00000000e2f00000|  0%| F|  |TAMS 0x00000000e2e00000, 0x00000000e2e00000| Untracked 
|  47|0x00000000e2f00000, 0x00000000e2f00000, 0x00000000e3000000|  0%| F|  |TAMS 0x00000000e2f00000, 0x00000000e2f00000| Untracked 
|  48|0x00000000e3000000, 0x00000000e3000000, 0x00000000e3100000|  0%| F|  |TAMS 0x00000000e3000000, 0x00000000e3000000| Untracked 
|  49|0x00000000e3100000, 0x00000000e3100000, 0x00000000e3200000|  0%| F|  |TAMS 0x00000000e3100000, 0x00000000e3100000| Untracked 
|  50|0x00000000e3200000, 0x00000000e3200000, 0x00000000e3300000|  0%| F|  |TAMS 0x00000000e3200000, 0x00000000e3200000| Untracked 
|  51|0x00000000e3300000, 0x00000000e3300000, 0x00000000e3400000|  0%| F|  |TAMS 0x00000000e3300000, 0x00000000e3300000| Untracked 
|  52|0x00000000e3400000, 0x00000000e3400000, 0x00000000e3500000|  0%| F|  |TAMS 0x00000000e3400000, 0x00000000e3400000| Untracked 
|  53|0x00000000e3500000, 0x00000000e3500000, 0x00000000e3600000|  0%| F|  |TAMS 0x00000000e3500000, 0x00000000e3500000| Untracked 
|  54|0x00000000e3600000, 0x00000000e3600000, 0x00000000e3700000|  0%| F|  |TAMS 0x00000000e3600000, 0x00000000e3600000| Untracked 
|  55|0x00000000e3700000, 0x00000000e3700000, 0x00000000e3800000|  0%| F|  |TAMS 0x00000000e3700000, 0x00000000e3700000| Untracked 
|  56|0x00000000e3800000, 0x00000000e3800000, 0x00000000e3900000|  0%| F|  |TAMS 0x00000000e3800000, 0x00000000e3800000| Untracked 
|  57|0x00000000e3900000, 0x00000000e3900000, 0x00000000e3a00000|  0%| F|  |TAMS 0x00000000e3900000, 0x00000000e3900000| Untracked 
|  58|0x00000000e3a00000, 0x00000000e3a00000, 0x00000000e3b00000|  0%| F|  |TAMS 0x00000000e3a00000, 0x00000000e3a00000| Untracked 
|  59|0x00000000e3b00000, 0x00000000e3b00000, 0x00000000e3c00000|  0%| F|  |TAMS 0x00000000e3b00000, 0x00000000e3b00000| Untracked 
|  60|0x00000000e3c00000, 0x00000000e3c00000, 0x00000000e3d00000|  0%| F|  |TAMS 0x00000000e3c00000, 0x00000000e3c00000| Untracked 
|  61|0x00000000e3d00000, 0x00000000e3d00000, 0x00000000e3e00000|  0%| F|  |TAMS 0x00000000e3d00000, 0x00000000e3d00000| Untracked 
|  62|0x00000000e3e00000, 0x00000000e3e00000, 0x00000000e3f00000|  0%| F|  |TAMS 0x00000000e3e00000, 0x00000000e3e00000| Untracked 
|  63|0x00000000e3f00000, 0x00000000e3f00000, 0x00000000e4000000|  0%| F|  |TAMS 0x00000000e3f00000, 0x00000000e3f00000| Untracked 
|  64|0x00000000e4000000, 0x00000000e4000000, 0x00000000e4100000|  0%| F|  |TAMS 0x00000000e4000000, 0x00000000e4000000| Untracked 
|  65|0x00000000e4100000, 0x00000000e4100000, 0x00000000e4200000|  0%| F|  |TAMS 0x00000000e4100000, 0x00000000e4100000| Untracked 
|  66|0x00000000e4200000, 0x00000000e4200000, 0x00000000e4300000|  0%| F|  |TAMS 0x00000000e4200000, 0x00000000e4200000| Untracked 
|  67|0x00000000e4300000, 0x00000000e4300000, 0x00000000e4400000|  0%| F|  |TAMS 0x00000000e4300000, 0x00000000e4300000| Untracked 
|  68|0x00000000e4400000, 0x00000000e4400000, 0x00000000e4500000|  0%| F|  |TAMS 0x00000000e4400000, 0x00000000e4400000| Untracked 
|  69|0x00000000e4500000, 0x00000000e4500000, 0x00000000e4600000|  0%| F|  |TAMS 0x00000000e4500000, 0x00000000e4500000| Untracked 
|  70|0x00000000e4600000, 0x00000000e4600000, 0x00000000e4700000|  0%| F|  |TAMS 0x00000000e4600000, 0x00000000e4600000| Untracked 
|  71|0x00000000e4700000, 0x00000000e4700000, 0x00000000e4800000|  0%| F|  |TAMS 0x00000000e4700000, 0x00000000e4700000| Untracked 
|  72|0x00000000e4800000, 0x00000000e4800000, 0x00000000e4900000|  0%| F|  |TAMS 0x00000000e4800000, 0x00000000e4800000| Untracked 
|  73|0x00000000e4900000, 0x00000000e4900000, 0x00000000e4a00000|  0%| F|  |TAMS 0x00000000e4900000, 0x00000000e4900000| Untracked 
|  74|0x00000000e4a00000, 0x00000000e4a00000, 0x00000000e4b00000|  0%| F|  |TAMS 0x00000000e4a00000, 0x00000000e4a00000| Untracked 
|  75|0x00000000e4b00000, 0x00000000e4b00000, 0x00000000e4c00000|  0%| F|  |TAMS 0x00000000e4b00000, 0x00000000e4b00000| Untracked 
|  76|0x00000000e4c00000, 0x00000000e4c00000, 0x00000000e4d00000|  0%| F|  |TAMS 0x00000000e4c00000, 0x00000000e4c00000| Untracked 
|  77|0x00000000e4d00000, 0x00000000e4d00000, 0x00000000e4e00000|  0%| F|  |TAMS 0x00000000e4d00000, 0x00000000e4d00000| Untracked 
|  78|0x00000000e4e00000, 0x00000000e4e00000, 0x00000000e4f00000|  0%| F|  |TAMS 0x00000000e4e00000, 0x00000000e4e00000| Untracked 
|  79|0x00000000e4f00000, 0x00000000e4f00000, 0x00000000e5000000|  0%| F|  |TAMS 0x00000000e4f00000, 0x00000000e4f00000| Untracked 
|  80|0x00000000e5000000, 0x00000000e5000000, 0x00000000e5100000|  0%| F|  |TAMS 0x00000000e5000000, 0x00000000e5000000| Untracked 
|  81|0x00000000e5100000, 0x00000000e5100000, 0x00000000e5200000|  0%| F|  |TAMS 0x00000000e5100000, 0x00000000e5100000| Untracked 
|  82|0x00000000e5200000, 0x00000000e5200000, 0x00000000e5300000|  0%| F|  |TAMS 0x00000000e5200000, 0x00000000e5200000| Untracked 
|  83|0x00000000e5300000, 0x00000000e5300000, 0x00000000e5400000|  0%| F|  |TAMS 0x00000000e5300000, 0x00000000e5300000| Untracked 
|  84|0x00000000e5400000, 0x00000000e5400000, 0x00000000e5500000|  0%| F|  |TAMS 0x00000000e5400000, 0x00000000e5400000| Untracked 
|  85|0x00000000e5500000, 0x00000000e5500000, 0x00000000e5600000|  0%| F|  |TAMS 0x00000000e5500000, 0x00000000e5500000| Untracked 
|  86|0x00000000e5600000, 0x00000000e5600000, 0x00000000e5700000|  0%| F|  |TAMS 0x00000000e5600000, 0x00000000e5600000| Untracked 
|  87|0x00000000e5700000, 0x00000000e5700000, 0x00000000e5800000|  0%| F|  |TAMS 0x00000000e5700000, 0x00000000e5700000| Untracked 
|  88|0x00000000e5800000, 0x00000000e5800000, 0x00000000e5900000|  0%| F|  |TAMS 0x00000000e5800000, 0x00000000e5800000| Untracked 
|  89|0x00000000e5900000, 0x00000000e5900000, 0x00000000e5a00000|  0%| F|  |TAMS 0x00000000e5900000, 0x00000000e5900000| Untracked 
|  90|0x00000000e5a00000, 0x00000000e5a00000, 0x00000000e5b00000|  0%| F|  |TAMS 0x00000000e5a00000, 0x00000000e5a00000| Untracked 
|  91|0x00000000e5b00000, 0x00000000e5b00000, 0x00000000e5c00000|  0%| F|  |TAMS 0x00000000e5b00000, 0x00000000e5b00000| Untracked 
|  92|0x00000000e5c00000, 0x00000000e5c00000, 0x00000000e5d00000|  0%| F|  |TAMS 0x00000000e5c00000, 0x00000000e5c00000| Untracked 
|  93|0x00000000e5d00000, 0x00000000e5d00000, 0x00000000e5e00000|  0%| F|  |TAMS 0x00000000e5d00000, 0x00000000e5d00000| Untracked 
|  94|0x00000000e5e00000, 0x00000000e5e00000, 0x00000000e5f00000|  0%| F|  |TAMS 0x00000000e5e00000, 0x00000000e5e00000| Untracked 
|  95|0x00000000e5f00000, 0x00000000e5f00000, 0x00000000e6000000|  0%| F|  |TAMS 0x00000000e5f00000, 0x00000000e5f00000| Untracked 
|  96|0x00000000e6000000, 0x00000000e6000000, 0x00000000e6100000|  0%| F|  |TAMS 0x00000000e6000000, 0x00000000e6000000| Untracked 
|  97|0x00000000e6100000, 0x00000000e6100000, 0x00000000e6200000|  0%| F|  |TAMS 0x00000000e6100000, 0x00000000e6100000| Untracked 
|  98|0x00000000e6200000, 0x00000000e6200000, 0x00000000e6300000|  0%| F|  |TAMS 0x00000000e6200000, 0x00000000e6200000| Untracked 
|  99|0x00000000e6300000, 0x00000000e6300000, 0x00000000e6400000|  0%| F|  |TAMS 0x00000000e6300000, 0x00000000e6300000| Untracked 
| 100|0x00000000e6400000, 0x00000000e6400000, 0x00000000e6500000|  0%| F|  |TAMS 0x00000000e6400000, 0x00000000e6400000| Untracked 
| 101|0x00000000e6500000, 0x00000000e6500000, 0x00000000e6600000|  0%| F|  |TAMS 0x00000000e6500000, 0x00000000e6500000| Untracked 
| 102|0x00000000e6600000, 0x00000000e6600000, 0x00000000e6700000|  0%| F|  |TAMS 0x00000000e6600000, 0x00000000e6600000| Untracked 
| 103|0x00000000e6700000, 0x00000000e6700000, 0x00000000e6800000|  0%| F|  |TAMS 0x00000000e6700000, 0x00000000e6700000| Untracked 
| 104|0x00000000e6800000, 0x00000000e6800000, 0x00000000e6900000|  0%| F|  |TAMS 0x00000000e6800000, 0x00000000e6800000| Untracked 
| 105|0x00000000e6900000, 0x00000000e6900000, 0x00000000e6a00000|  0%| F|  |TAMS 0x00000000e6900000, 0x00000000e6900000| Untracked 
| 106|0x00000000e6a00000, 0x00000000e6a00000, 0x00000000e6b00000|  0%| F|  |TAMS 0x00000000e6a00000, 0x00000000e6a00000| Untracked 
| 107|0x00000000e6b00000, 0x00000000e6b00000, 0x00000000e6c00000|  0%| F|  |TAMS 0x00000000e6b00000, 0x00000000e6b00000| Untracked 
| 108|0x00000000e6c00000, 0x00000000e6c00000, 0x00000000e6d00000|  0%| F|  |TAMS 0x00000000e6c00000, 0x00000000e6c00000| Untracked 
| 109|0x00000000e6d00000, 0x00000000e6d00000, 0x00000000e6e00000|  0%| F|  |TAMS 0x00000000e6d00000, 0x00000000e6d00000| Untracked 
| 110|0x00000000e6e00000, 0x00000000e6e00000, 0x00000000e6f00000|  0%| F|  |TAMS 0x00000000e6e00000, 0x00000000e6e00000| Untracked 
| 111|0x00000000e6f00000, 0x00000000e6f00000, 0x00000000e7000000|  0%| F|  |TAMS 0x00000000e6f00000, 0x00000000e6f00000| Untracked 
| 112|0x00000000e7000000, 0x00000000e7000000, 0x00000000e7100000|  0%| F|  |TAMS 0x00000000e7000000, 0x00000000e7000000| Untracked 
| 113|0x00000000e7100000, 0x00000000e7100000, 0x00000000e7200000|  0%| F|  |TAMS 0x00000000e7100000, 0x00000000e7100000| Untracked 
| 114|0x00000000e7200000, 0x00000000e72eb130, 0x00000000e7300000| 91%| S|CS|TAMS 0x00000000e7200000, 0x00000000e7200000| Complete 
| 115|0x00000000e7300000, 0x00000000e7400000, 0x00000000e7400000|100%| S|CS|TAMS 0x00000000e7300000, 0x00000000e7300000| Complete 
| 116|0x00000000e7400000, 0x00000000e7500000, 0x00000000e7500000|100%| S|CS|TAMS 0x00000000e7400000, 0x00000000e7400000| Complete 
| 117|0x00000000e7500000, 0x00000000e7600000, 0x00000000e7600000|100%| S|CS|TAMS 0x00000000e7500000, 0x00000000e7500000| Complete 
| 118|0x00000000e7600000, 0x00000000e7700000, 0x00000000e7700000|100%| S|CS|TAMS 0x00000000e7600000, 0x00000000e7600000| Complete 
| 119|0x00000000e7700000, 0x00000000e7800000, 0x00000000e7800000|100%| S|CS|TAMS 0x00000000e7700000, 0x00000000e7700000| Complete 
| 120|0x00000000e7800000, 0x00000000e7900000, 0x00000000e7900000|100%| S|CS|TAMS 0x00000000e7800000, 0x00000000e7800000| Complete 
| 121|0x00000000e7900000, 0x00000000e7a00000, 0x00000000e7a00000|100%| S|CS|TAMS 0x00000000e7900000, 0x00000000e7900000| Complete 
| 122|0x00000000e7a00000, 0x00000000e7b00000, 0x00000000e7b00000|100%| S|CS|TAMS 0x00000000e7a00000, 0x00000000e7a00000| Complete 
| 123|0x00000000e7b00000, 0x00000000e7c00000, 0x00000000e7c00000|100%| S|CS|TAMS 0x00000000e7b00000, 0x00000000e7b00000| Complete 
| 124|0x00000000e7c00000, 0x00000000e7d00000, 0x00000000e7d00000|100%| S|CS|TAMS 0x00000000e7c00000, 0x00000000e7c00000| Complete 
| 125|0x00000000e7d00000, 0x00000000e7e00000, 0x00000000e7e00000|100%| S|CS|TAMS 0x00000000e7d00000, 0x00000000e7d00000| Complete 
| 126|0x00000000e7e00000, 0x00000000e7f00000, 0x00000000e7f00000|100%| S|CS|TAMS 0x00000000e7e00000, 0x00000000e7e00000| Complete 
| 127|0x00000000e7f00000, 0x00000000e8000000, 0x00000000e8000000|100%| S|CS|TAMS 0x00000000e7f00000, 0x00000000e7f00000| Complete 
| 128|0x00000000e8000000, 0x00000000e8100000, 0x00000000e8100000|100%| S|CS|TAMS 0x00000000e8000000, 0x00000000e8000000| Complete 
| 129|0x00000000e8100000, 0x00000000e8200000, 0x00000000e8200000|100%| S|CS|TAMS 0x00000000e8100000, 0x00000000e8100000| Complete 
| 130|0x00000000e8200000, 0x00000000e8200000, 0x00000000e8300000|  0%| F|  |TAMS 0x00000000e8200000, 0x00000000e8200000| Untracked 
| 131|0x00000000e8300000, 0x00000000e8300000, 0x00000000e8400000|  0%| F|  |TAMS 0x00000000e8300000, 0x00000000e8300000| Untracked 
| 132|0x00000000e8400000, 0x00000000e8400000, 0x00000000e8500000|  0%| F|  |TAMS 0x00000000e8400000, 0x00000000e8400000| Untracked 
| 133|0x00000000e8500000, 0x00000000e8500000, 0x00000000e8600000|  0%| F|  |TAMS 0x00000000e8500000, 0x00000000e8500000| Untracked 
| 134|0x00000000e8600000, 0x00000000e8600000, 0x00000000e8700000|  0%| F|  |TAMS 0x00000000e8600000, 0x00000000e8600000| Untracked 
| 135|0x00000000e8700000, 0x00000000e8700000, 0x00000000e8800000|  0%| F|  |TAMS 0x00000000e8700000, 0x00000000e8700000| Untracked 
| 136|0x00000000e8800000, 0x00000000e8800000, 0x00000000e8900000|  0%| F|  |TAMS 0x00000000e8800000, 0x00000000e8800000| Untracked 
| 137|0x00000000e8900000, 0x00000000e8900000, 0x00000000e8a00000|  0%| F|  |TAMS 0x00000000e8900000, 0x00000000e8900000| Untracked 
| 138|0x00000000e8a00000, 0x00000000e8a00000, 0x00000000e8b00000|  0%| F|  |TAMS 0x00000000e8a00000, 0x00000000e8a00000| Untracked 
| 139|0x00000000e8b00000, 0x00000000e8b00000, 0x00000000e8c00000|  0%| F|  |TAMS 0x00000000e8b00000, 0x00000000e8b00000| Untracked 
| 140|0x00000000e8c00000, 0x00000000e8c00000, 0x00000000e8d00000|  0%| F|  |TAMS 0x00000000e8c00000, 0x00000000e8c00000| Untracked 
| 141|0x00000000e8d00000, 0x00000000e8d00000, 0x00000000e8e00000|  0%| F|  |TAMS 0x00000000e8d00000, 0x00000000e8d00000| Untracked 
| 142|0x00000000e8e00000, 0x00000000e8e00000, 0x00000000e8f00000|  0%| F|  |TAMS 0x00000000e8e00000, 0x00000000e8e00000| Untracked 
| 143|0x00000000e8f00000, 0x00000000e8f00000, 0x00000000e9000000|  0%| F|  |TAMS 0x00000000e8f00000, 0x00000000e8f00000| Untracked 
| 144|0x00000000e9000000, 0x00000000e9000000, 0x00000000e9100000|  0%| F|  |TAMS 0x00000000e9000000, 0x00000000e9000000| Untracked 
| 145|0x00000000e9100000, 0x00000000e9100000, 0x00000000e9200000|  0%| F|  |TAMS 0x00000000e9100000, 0x00000000e9100000| Untracked 
| 146|0x00000000e9200000, 0x00000000e9200000, 0x00000000e9300000|  0%| F|  |TAMS 0x00000000e9200000, 0x00000000e9200000| Untracked 
| 147|0x00000000e9300000, 0x00000000e9300000, 0x00000000e9400000|  0%| F|  |TAMS 0x00000000e9300000, 0x00000000e9300000| Untracked 
| 148|0x00000000e9400000, 0x00000000e9400000, 0x00000000e9500000|  0%| F|  |TAMS 0x00000000e9400000, 0x00000000e9400000| Untracked 
| 149|0x00000000e9500000, 0x00000000e9500000, 0x00000000e9600000|  0%| F|  |TAMS 0x00000000e9500000, 0x00000000e9500000| Untracked 
| 150|0x00000000e9600000, 0x00000000e9600000, 0x00000000e9700000|  0%| F|  |TAMS 0x00000000e9600000, 0x00000000e9600000| Untracked 
| 151|0x00000000e9700000, 0x00000000e9700000, 0x00000000e9800000|  0%| F|  |TAMS 0x00000000e9700000, 0x00000000e9700000| Untracked 
| 152|0x00000000e9800000, 0x00000000e9800000, 0x00000000e9900000|  0%| F|  |TAMS 0x00000000e9800000, 0x00000000e9800000| Untracked 
| 153|0x00000000e9900000, 0x00000000e9900000, 0x00000000e9a00000|  0%| F|  |TAMS 0x00000000e9900000, 0x00000000e9900000| Untracked 
| 154|0x00000000e9a00000, 0x00000000e9a00000, 0x00000000e9b00000|  0%| F|  |TAMS 0x00000000e9a00000, 0x00000000e9a00000| Untracked 
| 155|0x00000000e9b00000, 0x00000000e9b00000, 0x00000000e9c00000|  0%| F|  |TAMS 0x00000000e9b00000, 0x00000000e9b00000| Untracked 
| 156|0x00000000e9c00000, 0x00000000e9c00000, 0x00000000e9d00000|  0%| F|  |TAMS 0x00000000e9c00000, 0x00000000e9c00000| Untracked 
| 157|0x00000000e9d00000, 0x00000000e9d00000, 0x00000000e9e00000|  0%| F|  |TAMS 0x00000000e9d00000, 0x00000000e9d00000| Untracked 
| 158|0x00000000e9e00000, 0x00000000e9e00000, 0x00000000e9f00000|  0%| F|  |TAMS 0x00000000e9e00000, 0x00000000e9e00000| Untracked 
| 159|0x00000000e9f00000, 0x00000000e9f00000, 0x00000000ea000000|  0%| F|  |TAMS 0x00000000e9f00000, 0x00000000e9f00000| Untracked 
| 160|0x00000000ea000000, 0x00000000ea000000, 0x00000000ea100000|  0%| F|  |TAMS 0x00000000ea000000, 0x00000000ea000000| Untracked 
| 161|0x00000000ea100000, 0x00000000ea100000, 0x00000000ea200000|  0%| F|  |TAMS 0x00000000ea100000, 0x00000000ea100000| Untracked 
| 162|0x00000000ea200000, 0x00000000ea200000, 0x00000000ea300000|  0%| F|  |TAMS 0x00000000ea200000, 0x00000000ea200000| Untracked 
| 163|0x00000000ea300000, 0x00000000ea300000, 0x00000000ea400000|  0%| F|  |TAMS 0x00000000ea300000, 0x00000000ea300000| Untracked 
| 164|0x00000000ea400000, 0x00000000ea400000, 0x00000000ea500000|  0%| F|  |TAMS 0x00000000ea400000, 0x00000000ea400000| Untracked 
| 165|0x00000000ea500000, 0x00000000ea500000, 0x00000000ea600000|  0%| F|  |TAMS 0x00000000ea500000, 0x00000000ea500000| Untracked 
| 166|0x00000000ea600000, 0x00000000ea600000, 0x00000000ea700000|  0%| F|  |TAMS 0x00000000ea600000, 0x00000000ea600000| Untracked 
| 167|0x00000000ea700000, 0x00000000ea700000, 0x00000000ea800000|  0%| F|  |TAMS 0x00000000ea700000, 0x00000000ea700000| Untracked 
| 168|0x00000000ea800000, 0x00000000ea800000, 0x00000000ea900000|  0%| F|  |TAMS 0x00000000ea800000, 0x00000000ea800000| Untracked 
| 169|0x00000000ea900000, 0x00000000ea900000, 0x00000000eaa00000|  0%| F|  |TAMS 0x00000000ea900000, 0x00000000ea900000| Untracked 
| 170|0x00000000eaa00000, 0x00000000eaa00000, 0x00000000eab00000|  0%| F|  |TAMS 0x00000000eaa00000, 0x00000000eaa00000| Untracked 
| 171|0x00000000eab00000, 0x00000000eab00000, 0x00000000eac00000|  0%| F|  |TAMS 0x00000000eab00000, 0x00000000eab00000| Untracked 
| 172|0x00000000eac00000, 0x00000000eac00000, 0x00000000ead00000|  0%| F|  |TAMS 0x00000000eac00000, 0x00000000eac00000| Untracked 
| 173|0x00000000ead00000, 0x00000000ead00000, 0x00000000eae00000|  0%| F|  |TAMS 0x00000000ead00000, 0x00000000ead00000| Untracked 
| 174|0x00000000eae00000, 0x00000000eae00000, 0x00000000eaf00000|  0%| F|  |TAMS 0x00000000eae00000, 0x00000000eae00000| Untracked 
| 175|0x00000000eaf00000, 0x00000000eaf00000, 0x00000000eb000000|  0%| F|  |TAMS 0x00000000eaf00000, 0x00000000eaf00000| Untracked 
| 176|0x00000000eb000000, 0x00000000eb000000, 0x00000000eb100000|  0%| F|  |TAMS 0x00000000eb000000, 0x00000000eb000000| Untracked 
| 177|0x00000000eb100000, 0x00000000eb100000, 0x00000000eb200000|  0%| F|  |TAMS 0x00000000eb100000, 0x00000000eb100000| Untracked 
| 178|0x00000000eb200000, 0x00000000eb200000, 0x00000000eb300000|  0%| F|  |TAMS 0x00000000eb200000, 0x00000000eb200000| Untracked 
| 179|0x00000000eb300000, 0x00000000eb300000, 0x00000000eb400000|  0%| F|  |TAMS 0x00000000eb300000, 0x00000000eb300000| Untracked 
| 180|0x00000000eb400000, 0x00000000eb400000, 0x00000000eb500000|  0%| F|  |TAMS 0x00000000eb400000, 0x00000000eb400000| Untracked 
| 181|0x00000000eb500000, 0x00000000eb500000, 0x00000000eb600000|  0%| F|  |TAMS 0x00000000eb500000, 0x00000000eb500000| Untracked 
| 182|0x00000000eb600000, 0x00000000eb600000, 0x00000000eb700000|  0%| F|  |TAMS 0x00000000eb600000, 0x00000000eb600000| Untracked 
| 183|0x00000000eb700000, 0x00000000eb700000, 0x00000000eb800000|  0%| F|  |TAMS 0x00000000eb700000, 0x00000000eb700000| Untracked 
| 184|0x00000000eb800000, 0x00000000eb800000, 0x00000000eb900000|  0%| F|  |TAMS 0x00000000eb800000, 0x00000000eb800000| Untracked 
| 185|0x00000000eb900000, 0x00000000eb900000, 0x00000000eba00000|  0%| F|  |TAMS 0x00000000eb900000, 0x00000000eb900000| Untracked 
| 186|0x00000000eba00000, 0x00000000eba00000, 0x00000000ebb00000|  0%| F|  |TAMS 0x00000000eba00000, 0x00000000eba00000| Untracked 
| 187|0x00000000ebb00000, 0x00000000ebb00000, 0x00000000ebc00000|  0%| F|  |TAMS 0x00000000ebb00000, 0x00000000ebb00000| Untracked 
| 188|0x00000000ebc00000, 0x00000000ebc00000, 0x00000000ebd00000|  0%| F|  |TAMS 0x00000000ebc00000, 0x00000000ebc00000| Untracked 
| 189|0x00000000ebd00000, 0x00000000ebd00000, 0x00000000ebe00000|  0%| F|  |TAMS 0x00000000ebd00000, 0x00000000ebd00000| Untracked 
| 190|0x00000000ebe00000, 0x00000000ebe00000, 0x00000000ebf00000|  0%| F|  |TAMS 0x00000000ebe00000, 0x00000000ebe00000| Untracked 
| 191|0x00000000ebf00000, 0x00000000ebf00000, 0x00000000ec000000|  0%| F|  |TAMS 0x00000000ebf00000, 0x00000000ebf00000| Untracked 
| 192|0x00000000ec000000, 0x00000000ec000000, 0x00000000ec100000|  0%| F|  |TAMS 0x00000000ec000000, 0x00000000ec000000| Untracked 
| 193|0x00000000ec100000, 0x00000000ec100000, 0x00000000ec200000|  0%| F|  |TAMS 0x00000000ec100000, 0x00000000ec100000| Untracked 
| 194|0x00000000ec200000, 0x00000000ec200000, 0x00000000ec300000|  0%| F|  |TAMS 0x00000000ec200000, 0x00000000ec200000| Untracked 
| 195|0x00000000ec300000, 0x00000000ec300000, 0x00000000ec400000|  0%| F|  |TAMS 0x00000000ec300000, 0x00000000ec300000| Untracked 
| 196|0x00000000ec400000, 0x00000000ec400000, 0x00000000ec500000|  0%| F|  |TAMS 0x00000000ec400000, 0x00000000ec400000| Untracked 
| 197|0x00000000ec500000, 0x00000000ec500000, 0x00000000ec600000|  0%| F|  |TAMS 0x00000000ec500000, 0x00000000ec500000| Untracked 
| 198|0x00000000ec600000, 0x00000000ec600000, 0x00000000ec700000|  0%| F|  |TAMS 0x00000000ec600000, 0x00000000ec600000| Untracked 
| 199|0x00000000ec700000, 0x00000000ec700000, 0x00000000ec800000|  0%| F|  |TAMS 0x00000000ec700000, 0x00000000ec700000| Untracked 
| 200|0x00000000ec800000, 0x00000000ec800000, 0x00000000ec900000|  0%| F|  |TAMS 0x00000000ec800000, 0x00000000ec800000| Untracked 
| 201|0x00000000ec900000, 0x00000000ec900000, 0x00000000eca00000|  0%| F|  |TAMS 0x00000000ec900000, 0x00000000ec900000| Untracked 
| 202|0x00000000eca00000, 0x00000000eca00000, 0x00000000ecb00000|  0%| F|  |TAMS 0x00000000eca00000, 0x00000000eca00000| Untracked 
| 203|0x00000000ecb00000, 0x00000000ecb00000, 0x00000000ecc00000|  0%| F|  |TAMS 0x00000000ecb00000, 0x00000000ecb00000| Untracked 
| 204|0x00000000ecc00000, 0x00000000ecc00000, 0x00000000ecd00000|  0%| F|  |TAMS 0x00000000ecc00000, 0x00000000ecc00000| Untracked 
| 205|0x00000000ecd00000, 0x00000000ecd00000, 0x00000000ece00000|  0%| F|  |TAMS 0x00000000ecd00000, 0x00000000ecd00000| Untracked 
| 206|0x00000000ece00000, 0x00000000ece00000, 0x00000000ecf00000|  0%| F|  |TAMS 0x00000000ece00000, 0x00000000ece00000| Untracked 
| 207|0x00000000ecf00000, 0x00000000ecf00000, 0x00000000ed000000|  0%| F|  |TAMS 0x00000000ecf00000, 0x00000000ecf00000| Untracked 
| 208|0x00000000ed000000, 0x00000000ed000000, 0x00000000ed100000|  0%| F|  |TAMS 0x00000000ed000000, 0x00000000ed000000| Untracked 
| 209|0x00000000ed100000, 0x00000000ed100000, 0x00000000ed200000|  0%| F|  |TAMS 0x00000000ed100000, 0x00000000ed100000| Untracked 
| 210|0x00000000ed200000, 0x00000000ed200000, 0x00000000ed300000|  0%| F|  |TAMS 0x00000000ed200000, 0x00000000ed200000| Untracked 
| 211|0x00000000ed300000, 0x00000000ed300000, 0x00000000ed400000|  0%| F|  |TAMS 0x00000000ed300000, 0x00000000ed300000| Untracked 
| 212|0x00000000ed400000, 0x00000000ed400000, 0x00000000ed500000|  0%| F|  |TAMS 0x00000000ed400000, 0x00000000ed400000| Untracked 
| 213|0x00000000ed500000, 0x00000000ed500000, 0x00000000ed600000|  0%| F|  |TAMS 0x00000000ed500000, 0x00000000ed500000| Untracked 
| 214|0x00000000ed600000, 0x00000000ed600000, 0x00000000ed700000|  0%| F|  |TAMS 0x00000000ed600000, 0x00000000ed600000| Untracked 
| 215|0x00000000ed700000, 0x00000000ed700000, 0x00000000ed800000|  0%| F|  |TAMS 0x00000000ed700000, 0x00000000ed700000| Untracked 
| 216|0x00000000ed800000, 0x00000000ed800000, 0x00000000ed900000|  0%| F|  |TAMS 0x00000000ed800000, 0x00000000ed800000| Untracked 
| 217|0x00000000ed900000, 0x00000000ed900000, 0x00000000eda00000|  0%| F|  |TAMS 0x00000000ed900000, 0x00000000ed900000| Untracked 
| 218|0x00000000eda00000, 0x00000000eda00000, 0x00000000edb00000|  0%| F|  |TAMS 0x00000000eda00000, 0x00000000eda00000| Untracked 
| 219|0x00000000edb00000, 0x00000000edb00000, 0x00000000edc00000|  0%| F|  |TAMS 0x00000000edb00000, 0x00000000edb00000| Untracked 
| 220|0x00000000edc00000, 0x00000000edc00000, 0x00000000edd00000|  0%| F|  |TAMS 0x00000000edc00000, 0x00000000edc00000| Untracked 
| 221|0x00000000edd00000, 0x00000000edd00000, 0x00000000ede00000|  0%| F|  |TAMS 0x00000000edd00000, 0x00000000edd00000| Untracked 
| 222|0x00000000ede00000, 0x00000000ede00000, 0x00000000edf00000|  0%| F|  |TAMS 0x00000000ede00000, 0x00000000ede00000| Untracked 
| 223|0x00000000edf00000, 0x00000000edf00000, 0x00000000ee000000|  0%| F|  |TAMS 0x00000000edf00000, 0x00000000edf00000| Untracked 
| 224|0x00000000ee000000, 0x00000000ee100000, 0x00000000ee100000|100%| E|  |TAMS 0x00000000ee000000, 0x00000000ee000000| Complete 
| 225|0x00000000ee100000, 0x00000000ee200000, 0x00000000ee200000|100%| E|CS|TAMS 0x00000000ee100000, 0x00000000ee100000| Complete 
| 226|0x00000000ee200000, 0x00000000ee300000, 0x00000000ee300000|100%| E|CS|TAMS 0x00000000ee200000, 0x00000000ee200000| Complete 
| 227|0x00000000ee300000, 0x00000000ee400000, 0x00000000ee400000|100%| E|CS|TAMS 0x00000000ee300000, 0x00000000ee300000| Complete 
| 228|0x00000000ee400000, 0x00000000ee500000, 0x00000000ee500000|100%| E|CS|TAMS 0x00000000ee400000, 0x00000000ee400000| Complete 
| 229|0x00000000ee500000, 0x00000000ee600000, 0x00000000ee600000|100%| E|CS|TAMS 0x00000000ee500000, 0x00000000ee500000| Complete 
| 230|0x00000000ee600000, 0x00000000ee700000, 0x00000000ee700000|100%| E|CS|TAMS 0x00000000ee600000, 0x00000000ee600000| Complete 
| 231|0x00000000ee700000, 0x00000000ee800000, 0x00000000ee800000|100%| E|CS|TAMS 0x00000000ee700000, 0x00000000ee700000| Complete 
| 232|0x00000000ee800000, 0x00000000ee900000, 0x00000000ee900000|100%| E|CS|TAMS 0x00000000ee800000, 0x00000000ee800000| Complete 
| 233|0x00000000ee900000, 0x00000000eea00000, 0x00000000eea00000|100%| E|CS|TAMS 0x00000000ee900000, 0x00000000ee900000| Complete 
| 234|0x00000000eea00000, 0x00000000eeb00000, 0x00000000eeb00000|100%| E|CS|TAMS 0x00000000eea00000, 0x00000000eea00000| Complete 
| 235|0x00000000eeb00000, 0x00000000eec00000, 0x00000000eec00000|100%| E|CS|TAMS 0x00000000eeb00000, 0x00000000eeb00000| Complete 
| 236|0x00000000eec00000, 0x00000000eed00000, 0x00000000eed00000|100%| E|CS|TAMS 0x00000000eec00000, 0x00000000eec00000| Complete 
| 237|0x00000000eed00000, 0x00000000eee00000, 0x00000000eee00000|100%| E|CS|TAMS 0x00000000eed00000, 0x00000000eed00000| Complete 
| 238|0x00000000eee00000, 0x00000000eef00000, 0x00000000eef00000|100%| E|CS|TAMS 0x00000000eee00000, 0x00000000eee00000| Complete 
| 239|0x00000000eef00000, 0x00000000ef000000, 0x00000000ef000000|100%| E|CS|TAMS 0x00000000eef00000, 0x00000000eef00000| Complete 
| 240|0x00000000ef000000, 0x00000000ef100000, 0x00000000ef100000|100%| E|CS|TAMS 0x00000000ef000000, 0x00000000ef000000| Complete 
| 241|0x00000000ef100000, 0x00000000ef200000, 0x00000000ef200000|100%| E|CS|TAMS 0x00000000ef100000, 0x00000000ef100000| Complete 
| 242|0x00000000ef200000, 0x00000000ef300000, 0x00000000ef300000|100%| E|CS|TAMS 0x00000000ef200000, 0x00000000ef200000| Complete 
| 243|0x00000000ef300000, 0x00000000ef400000, 0x00000000ef400000|100%| E|CS|TAMS 0x00000000ef300000, 0x00000000ef300000| Complete 
| 244|0x00000000ef400000, 0x00000000ef500000, 0x00000000ef500000|100%| E|CS|TAMS 0x00000000ef400000, 0x00000000ef400000| Complete 
| 245|0x00000000ef500000, 0x00000000ef600000, 0x00000000ef600000|100%| E|CS|TAMS 0x00000000ef500000, 0x00000000ef500000| Complete 
| 246|0x00000000ef600000, 0x00000000ef700000, 0x00000000ef700000|100%| E|CS|TAMS 0x00000000ef600000, 0x00000000ef600000| Complete 
| 247|0x00000000ef700000, 0x00000000ef800000, 0x00000000ef800000|100%| E|CS|TAMS 0x00000000ef700000, 0x00000000ef700000| Complete 
| 248|0x00000000ef800000, 0x00000000ef900000, 0x00000000ef900000|100%| E|CS|TAMS 0x00000000ef800000, 0x00000000ef800000| Complete 
| 249|0x00000000ef900000, 0x00000000efa00000, 0x00000000efa00000|100%| E|CS|TAMS 0x00000000ef900000, 0x00000000ef900000| Complete 
| 250|0x00000000efa00000, 0x00000000efb00000, 0x00000000efb00000|100%| E|CS|TAMS 0x00000000efa00000, 0x00000000efa00000| Complete 
| 251|0x00000000efb00000, 0x00000000efc00000, 0x00000000efc00000|100%| E|CS|TAMS 0x00000000efb00000, 0x00000000efb00000| Complete 
| 252|0x00000000efc00000, 0x00000000efd00000, 0x00000000efd00000|100%| E|CS|TAMS 0x00000000efc00000, 0x00000000efc00000| Complete 
| 253|0x00000000efd00000, 0x00000000efe00000, 0x00000000efe00000|100%| E|CS|TAMS 0x00000000efd00000, 0x00000000efd00000| Complete 
| 254|0x00000000efe00000, 0x00000000eff00000, 0x00000000eff00000|100%| E|CS|TAMS 0x00000000efe00000, 0x00000000efe00000| Complete 
| 255|0x00000000eff00000, 0x00000000f0000000, 0x00000000f0000000|100%| E|CS|TAMS 0x00000000eff00000, 0x00000000eff00000| Complete 

Card table byte_map: [0x000001aa5ff90000,0x000001aa60090000] _byte_map_base: 0x000001aa5f890000

Marking Bits (Prev, Next): (CMBitMap*) 0x000001aa48e62f40, (CMBitMap*) 0x000001aa48e62f80
 Prev Bits: [0x000001aa60190000, 0x000001aa60990000)
 Next Bits: [0x000001aa60990000, 0x000001aa61190000)

Polling page: 0x000001aa485e0000

Metaspace:

Usage:
  Non-class:     32.83 MB used.
      Class:      5.36 MB used.
       Both:     38.19 MB used.

Virtual space:
  Non-class space:       64.00 MB reserved,      33.12 MB ( 52%) committed,  1 nodes.
      Class space:      320.00 MB reserved,       5.56 MB (  2%) committed,  1 nodes.
             Both:      384.00 MB reserved,      38.69 MB ( 10%) committed. 

Chunk freelists:
   Non-Class:  14.80 MB
       Class:  10.47 MB
        Both:  25.27 MB

MaxMetaspaceSize: 384.00 MB
CompressedClassSpaceSize: 320.00 MB
Initial GC threshold: 21.00 MB
Current GC threshold: 58.69 MB
CDS: on
MetaspaceReclaimPolicy: balanced
 - commit_granule_bytes: 65536.
 - commit_granule_words: 8192.
 - virtual_space_node_default_size: 8388608.
 - enlarge_chunks_in_place: 1.
 - new_chunks_are_fully_committed: 0.
 - uncommit_free_chunks: 1.
 - use_allocation_guard: 0.
 - handle_deallocations: 1.


Internal statistics:

num_allocs_failed_limit: 6.
num_arena_births: 492.
num_arena_deaths: 0.
num_vsnodes_births: 2.
num_vsnodes_deaths: 0.
num_space_committed: 619.
num_space_uncommitted: 0.
num_chunks_returned_to_freelist: 6.
num_chunks_taken_from_freelist: 1993.
num_chunk_merges: 6.
num_chunk_splits: 1308.
num_chunks_enlarged: 918.
num_inconsistent_stats: 0.

CodeHeap 'non-profiled nmethods': size=120000Kb used=3089Kb max_used=3089Kb free=116910Kb
 bounds [0x000001aa58410000, 0x000001aa58720000, 0x000001aa5f940000]
CodeHeap 'profiled nmethods': size=120000Kb used=9194Kb max_used=9194Kb free=110805Kb
 bounds [0x000001aa50940000, 0x000001aa51240000, 0x000001aa57e70000]
CodeHeap 'non-nmethods': size=5760Kb used=2320Kb max_used=2351Kb free=3439Kb
 bounds [0x000001aa57e70000, 0x000001aa580e0000, 0x000001aa58410000]
 total_blobs=5292 nmethods=4475 adapters=729
 compilation: enabled
              stopped_count=0, restarted_count=0
 full_count=0

Compilation events (20 events):
Event: 9.539 Thread 0x000001aa63e407a0 nmethod 4469 0x000001aa51234210 code [0x000001aa512343a0, 0x000001aa512344b8]
Event: 9.540 Thread 0x000001aa63e407a0 4470       3       org.objectweb.asm.SymbolTable::addConstantMethodHandle (208 bytes)
Event: 9.540 Thread 0x000001aa63e2fdd0 4471       4       org.objectweb.asm.Frame::pop (44 bytes)
Event: 9.541 Thread 0x000001aa63e2fdd0 nmethod 4471 0x000001aa58712d10 code [0x000001aa58712e80, 0x000001aa58712f18]
Event: 9.541 Thread 0x000001aa63e407a0 nmethod 4470 0x000001aa51234590 code [0x000001aa51234820, 0x000001aa512352d8]
Event: 9.541 Thread 0x000001aa63e407a0 4472       3       org.gradle.model.internal.asm.MethodVisitorScope::_ASTORE (8 bytes)
Event: 9.541 Thread 0x000001aa63e407a0 nmethod 4472 0x000001aa51235910 code [0x000001aa51235ac0, 0x000001aa51235d48]
Event: 9.567 Thread 0x000001aa63e407a0 4473       3       java.lang.invoke.MethodHandles::identity (87 bytes)
Event: 9.568 Thread 0x000001aa63e407a0 nmethod 4473 0x000001aa51235e90 code [0x000001aa51236080, 0x000001aa512364b8]
Event: 9.568 Thread 0x000001aa63e407a0 4474       3       java.lang.invoke.MethodHandleImpl$IntrinsicMethodHandle::<init> (25 bytes)
Event: 9.568 Thread 0x000001aa63e407a0 nmethod 4474 0x000001aa51236690 code [0x000001aa51236860, 0x000001aa51236eb8]
Event: 9.568 Thread 0x000001aa63e407a0 4475       3       java.lang.invoke.BoundMethodHandle::bindSingle (7 bytes)
Event: 9.569 Thread 0x000001aa63e407a0 nmethod 4475 0x000001aa51237090 code [0x000001aa51237220, 0x000001aa51237328]
Event: 9.571 Thread 0x000001aa63e407a0 4476       3       java.util.Collections$UnmodifiableMap$UnmodifiableEntrySet$UnmodifiableEntry::getValue (10 bytes)
Event: 9.571 Thread 0x000001aa63e407a0 nmethod 4476 0x000001aa51237410 code [0x000001aa512375c0, 0x000001aa51237788]
Event: 9.571 Thread 0x000001aa63e407a0 4477       3       com.google.common.collect.ImmutableMapEntry$NonTerminalImmutableMapEntry::<init> (12 bytes)
Event: 9.572 Thread 0x000001aa63e407a0 nmethod 4477 0x000001aa51237890 code [0x000001aa51237a60, 0x000001aa51237e48]
Event: 9.601 Thread 0x000001aa63e2fdd0 4478   !   4       org.gradle.internal.instrumentation.agent.DefaultClassFileTransformer::transform (42 bytes)
Event: 9.603 Thread 0x000001aa63e2fdd0 nmethod 4478 0x000001aa58713010 code [0x000001aa58713180, 0x000001aa58713258]
Event: 9.607 Thread 0x000001aa63e2fdd0 4479       4       jdk.internal.org.objectweb.asm.Type::getArgumentsAndReturnSizes (140 bytes)

GC Heap History (10 events):
Event: 0.618 GC heap before
{Heap before GC invocations=0 (full 0):
 garbage-first heap   total 262144K, used 23552K [0x00000000e0000000, 0x0000000100000000)
  region size 1024K, 23 young (23552K), 0 survivors (0K)
 Metaspace       used 1048K, committed 1216K, reserved 393216K
  class space    used 74K, committed 128K, reserved 327680K
}
Event: 0.622 GC heap after
{Heap after GC invocations=1 (full 0):
 garbage-first heap   total 262144K, used 1877K [0x00000000e0000000, 0x0000000100000000)
  region size 1024K, 2 young (2048K), 2 survivors (2048K)
 Metaspace       used 1048K, committed 1216K, reserved 393216K
  class space    used 74K, committed 128K, reserved 327680K
}
Event: 1.280 GC heap before
{Heap before GC invocations=1 (full 0):
 garbage-first heap   total 262144K, used 40789K [0x00000000e0000000, 0x0000000100000000)
  region size 1024K, 38 young (38912K), 2 survivors (2048K)
 Metaspace       used 4379K, committed 4544K, reserved 393216K
  class space    used 547K, committed 640K, reserved 327680K
}
Event: 1.284 GC heap after
{Heap after GC invocations=2 (full 0):
 garbage-first heap   total 262144K, used 10858K [0x00000000e0000000, 0x0000000100000000)
  region size 1024K, 5 young (5120K), 5 survivors (5120K)
 Metaspace       used 4379K, committed 4544K, reserved 393216K
  class space    used 547K, committed 640K, reserved 327680K
}
Event: 1.796 GC heap before
{Heap before GC invocations=2 (full 0):
 garbage-first heap   total 262144K, used 61034K [0x00000000e0000000, 0x0000000100000000)
  region size 1024K, 52 young (53248K), 5 survivors (5120K)
 Metaspace       used 4842K, committed 4992K, reserved 393216K
  class space    used 620K, committed 704K, reserved 327680K
}
Event: 1.801 GC heap after
{Heap after GC invocations=3 (full 0):
 garbage-first heap   total 262144K, used 16515K [0x00000000e0000000, 0x0000000100000000)
  region size 1024K, 5 young (5120K), 5 survivors (5120K)
 Metaspace       used 4842K, committed 4992K, reserved 393216K
  class space    used 620K, committed 704K, reserved 327680K
}
Event: 4.786 GC heap before
{Heap before GC invocations=3 (full 0):
 garbage-first heap   total 262144K, used 126083K [0x00000000e0000000, 0x0000000100000000)
  region size 1024K, 113 young (115712K), 5 survivors (5120K)
 Metaspace       used 21183K, committed 21504K, reserved 393216K
  class space    used 3093K, committed 3264K, reserved 327680K
}
Event: 4.797 GC heap after
{Heap after GC invocations=4 (full 0):
 garbage-first heap   total 262144K, used 23872K [0x00000000e0000000, 0x0000000100000000)
  region size 1024K, 12 young (12288K), 12 survivors (12288K)
 Metaspace       used 21183K, committed 21504K, reserved 393216K
  class space    used 3093K, committed 3264K, reserved 327680K
}
Event: 8.776 GC heap before
{Heap before GC invocations=5 (full 0):
 garbage-first heap   total 262144K, used 143680K [0x00000000e0000000, 0x0000000100000000)
  region size 1024K, 126 young (129024K), 12 survivors (12288K)
 Metaspace       used 35532K, committed 35968K, reserved 393216K
  class space    used 4911K, committed 5120K, reserved 327680K
}
Event: 8.790 GC heap after
{Heap after GC invocations=6 (full 0):
 garbage-first heap   total 262144K, used 32661K [0x00000000e0000000, 0x0000000100000000)
  region size 1024K, 16 young (16384K), 16 survivors (16384K)
 Metaspace       used 35532K, committed 35968K, reserved 393216K
  class space    used 4911K, committed 5120K, reserved 327680K
}

Dll operation events (14 events):
Event: 0.057 Loaded shared library D:\Unity Editor\6000.1.1f1\Editor\Data\PlaybackEngines\AndroidPlayer\OpenJDK\bin\java.dll
Event: 0.077 Loaded shared library D:\Unity Editor\6000.1.1f1\Editor\Data\PlaybackEngines\AndroidPlayer\OpenJDK\bin\jsvml.dll
Event: 0.177 Loaded shared library D:\Unity Editor\6000.1.1f1\Editor\Data\PlaybackEngines\AndroidPlayer\OpenJDK\bin\zip.dll
Event: 0.181 Loaded shared library D:\Unity Editor\6000.1.1f1\Editor\Data\PlaybackEngines\AndroidPlayer\OpenJDK\bin\instrument.dll
Event: 0.225 Loaded shared library D:\Unity Editor\6000.1.1f1\Editor\Data\PlaybackEngines\AndroidPlayer\OpenJDK\bin\net.dll
Event: 0.270 Loaded shared library D:\Unity Editor\6000.1.1f1\Editor\Data\PlaybackEngines\AndroidPlayer\OpenJDK\bin\nio.dll
Event: 0.273 Loaded shared library D:\Unity Editor\6000.1.1f1\Editor\Data\PlaybackEngines\AndroidPlayer\OpenJDK\bin\zip.dll
Event: 0.555 Loaded shared library D:\Unity Editor\6000.1.1f1\Editor\Data\PlaybackEngines\AndroidPlayer\OpenJDK\bin\jimage.dll
Event: 0.739 Loaded shared library D:\Unity Editor\6000.1.1f1\Editor\Data\PlaybackEngines\AndroidPlayer\OpenJDK\bin\verify.dll
Event: 0.844 Loaded shared library C:\Users\VICTUS\.gradle\native\1def1411415f61bf3af743bc5b6707747c0891f09f0c88961ee8f79bc544acac\windows-amd64\native-platform.dll
Event: 0.863 Loaded shared library C:\Users\VICTUS\.gradle\native\0.2.7\x86_64-windows-gnu\gradle-fileevents.dll
Event: 2.059 Loaded shared library D:\Unity Editor\6000.1.1f1\Editor\Data\PlaybackEngines\AndroidPlayer\OpenJDK\bin\management.dll
Event: 2.123 Loaded shared library D:\Unity Editor\6000.1.1f1\Editor\Data\PlaybackEngines\AndroidPlayer\OpenJDK\bin\management_ext.dll
Event: 3.001 Loaded shared library D:\Unity Editor\6000.1.1f1\Editor\Data\PlaybackEngines\AndroidPlayer\OpenJDK\bin\sunmscapi.dll

Deoptimization events (20 events):
Event: 9.005 Thread 0x000001aa7efd1080 DEOPT PACKING pc=0x000001aa586db4d4 sp=0x00000030680f6cd0
Event: 9.005 Thread 0x000001aa7efd1080 DEOPT UNPACKING pc=0x000001aa57eca1a3 sp=0x00000030680f6c78 mode 2
Event: 9.047 Thread 0x000001aa7efd1080 Uncommon trap: trap_request=0xffffff3d fr.pc=0x000001aa586c4988 relative=0x0000000000000ce8
Event: 9.047 Thread 0x000001aa7efd1080 Uncommon trap: reason=unstable_fused_if action=reinterpret pc=0x000001aa586c4988 method=org.objectweb.asm.ByteVector.putUTF8(Ljava/lang/String;)Lorg/objectweb/asm/ByteVector; @ 93 c2
Event: 9.047 Thread 0x000001aa7efd1080 DEOPT PACKING pc=0x000001aa586c4988 sp=0x00000030680f5ff0
Event: 9.047 Thread 0x000001aa7efd1080 DEOPT UNPACKING pc=0x000001aa57eca1a3 sp=0x00000030680f5f48 mode 2
Event: 9.054 Thread 0x000001aa7efd1080 Uncommon trap: trap_request=0xffffffde fr.pc=0x000001aa586d0fc0 relative=0x0000000000007a40
Event: 9.055 Thread 0x000001aa7efd1080 Uncommon trap: reason=class_check action=maybe_recompile pc=0x000001aa586d0fc0 method=java.lang.Class.createAnnotationData(I)Ljava/lang/Class$AnnotationData; @ 103 c2
Event: 9.055 Thread 0x000001aa7efd1080 DEOPT PACKING pc=0x000001aa586d0fc0 sp=0x00000030680f6ce0
Event: 9.055 Thread 0x000001aa7efd1080 DEOPT UNPACKING pc=0x000001aa57eca1a3 sp=0x00000030680f6cb0 mode 2
Event: 9.134 Thread 0x000001aa7efd1080 Uncommon trap: trap_request=0xffffff45 fr.pc=0x000001aa586e17a4 relative=0x0000000000004224
Event: 9.134 Thread 0x000001aa7efd1080 Uncommon trap: reason=unstable_if action=reinterpret pc=0x000001aa586e17a4 method=org.objectweb.asm.Frame.execute(IILorg/objectweb/asm/Symbol;Lorg/objectweb/asm/SymbolTable;)V @ 1 c2
Event: 9.134 Thread 0x000001aa7efd1080 DEOPT PACKING pc=0x000001aa586e17a4 sp=0x00000030680f7530
Event: 9.134 Thread 0x000001aa7efd1080 DEOPT UNPACKING pc=0x000001aa57eca1a3 sp=0x00000030680f74d8 mode 2
Event: 9.365 Thread 0x000001aa7efd1080 DEOPT PACKING pc=0x000001aa50d7bf23 sp=0x00000030680f7de0
Event: 9.365 Thread 0x000001aa7efd1080 DEOPT UNPACKING pc=0x000001aa57ecace3 sp=0x00000030680f7250 mode 0
Event: 9.382 Thread 0x000001aa7efd1080 Uncommon trap: trap_request=0xffffff45 fr.pc=0x000001aa5864edb0 relative=0x0000000000000110
Event: 9.382 Thread 0x000001aa7efd1080 Uncommon trap: reason=unstable_if action=reinterpret pc=0x000001aa5864edb0 method=java.util.Arrays.hashCode([Ljava/lang/Object;)I @ 34 c2
Event: 9.382 Thread 0x000001aa7efd1080 DEOPT PACKING pc=0x000001aa5864edb0 sp=0x00000030680f8470
Event: 9.382 Thread 0x000001aa7efd1080 DEOPT UNPACKING pc=0x000001aa57eca1a3 sp=0x00000030680f83e8 mode 2

Classes unloaded (0 events):
No events

Classes redefined (0 events):
No events

Internal exceptions (20 events):
Event: 8.688 Thread 0x000001aa7efd1080 Exception <a 'java/lang/NoSuchMethodError'{0x00000000e91c2478}: 'java.lang.Object java.lang.invoke.Invokers$Holder.linkToTargetMethod(java.lang.Object, java.lang.Object, java.lang.Object, java.lang.Object, java.lang.Object, java.lang.Object, java.lang.Object, java.lang.Object, java.lang.Object, java.lang.Object, java.lang.Object, java.lang.Object)'> (0x00000000e91c2478) 
thrown [s\src\hotspot\share\interpreter\linkResolver.cpp, line 759]
Event: 9.090 Thread 0x000001aa7efd1080 Exception <a 'java/lang/NoSuchMethodError'{0x00000000ef4d3738}: 'java.lang.Object java.lang.invoke.DirectMethodHandle$Holder.newInvokeSpecial(java.lang.Object, java.lang.Object, java.lang.Object, java.lang.Object, int)'> (0x00000000ef4d3738) 
thrown [s\src\hotspot\share\interpreter\linkResolver.cpp, line 759]
Event: 9.090 Thread 0x000001aa7efd1080 Exception <a 'java/lang/NoSuchMethodError'{0x00000000ef4d89a8}: 'java.lang.Object java.lang.invoke.DirectMethodHandle$Holder.invokeSpecial(java.lang.Object, java.lang.Object, java.lang.Object, java.lang.Object, java.lang.Object, int)'> (0x00000000ef4d89a8) 
thrown [s\src\hotspot\share\interpreter\linkResolver.cpp, line 759]
Event: 9.090 Thread 0x000001aa7efd1080 Exception <a 'java/lang/NoSuchMethodError'{0x00000000ef4dd3d8}: 'java.lang.Object java.lang.invoke.Invokers$Holder.linkToTargetMethod(java.lang.Object, java.lang.Object, java.lang.Object, int, java.lang.Object)'> (0x00000000ef4dd3d8) 
thrown [s\src\hotspot\share\interpreter\linkResolver.cpp, line 759]
Event: 9.151 Thread 0x000001aa7efd1080 Exception <a 'java/lang/NoSuchMethodError'{0x00000000ef2eed88}: 'void java.lang.invoke.DirectMethodHandle$Holder.invokeSpecial(java.lang.Object, java.lang.Object, java.lang.Object, java.lang.Object, java.lang.Object, java.lang.Object)'> (0x00000000ef2eed88) 
thrown [s\src\hotspot\share\interpreter\linkResolver.cpp, line 759]
Event: 9.182 Thread 0x000001aa7efd1080 Exception <a 'java/lang/NoSuchMethodError'{0x00000000ef1e7780}: 'int java.lang.invoke.DirectMethodHandle$Holder.invokeInterface(java.lang.Object, java.lang.Object, java.lang.Object, java.lang.Object)'> (0x00000000ef1e7780) 
thrown [s\src\hotspot\share\interpreter\linkResolver.cpp, line 759]
Event: 9.255 Thread 0x000001aa7efd1080 Exception <a 'java/lang/NoSuchMethodError'{0x00000000eeeb2510}: 'java.lang.Object java.lang.invoke.DirectMethodHandle$Holder.invokeStatic(java.lang.Object, long, java.lang.Object)'> (0x00000000eeeb2510) 
thrown [s\src\hotspot\share\interpreter\linkResolver.cpp, line 759]
Event: 9.257 Thread 0x000001aa7efd1080 Exception <a 'java/lang/NoSuchMethodError'{0x00000000eeeba610}: 'java.lang.Object java.lang.invoke.DirectMethodHandle$Holder.newInvokeSpecial(java.lang.Object, long)'> (0x00000000eeeba610) 
thrown [s\src\hotspot\share\interpreter\linkResolver.cpp, line 759]
Event: 9.266 Thread 0x000001aa7efd1080 Exception <a 'java/lang/NoSuchMethodError'{0x00000000eed2d4b8}: 'java.lang.Object java.lang.invoke.Invokers$Holder.linkToTargetMethod(java.lang.Object, java.lang.Object, java.lang.Object, java.lang.Object, long, java.lang.Object, java.lang.Object)'> (0x00000000eed2d4b8) 
thrown [s\src\hotspot\share\interpreter\linkResolver.cpp, line 759]
Event: 9.272 Thread 0x000001aa7efd1080 Exception <a 'java/lang/NoSuchMethodError'{0x00000000eed73f78}: 'java.lang.Object java.lang.invoke.DirectMethodHandle$Holder.newInvokeSpecial(java.lang.Object, java.lang.Object, java.lang.Object, long, java.lang.Object)'> (0x00000000eed73f78) 
thrown [s\src\hotspot\share\interpreter\linkResolver.cpp, line 759]
Event: 9.272 Thread 0x000001aa7efd1080 Exception <a 'java/lang/NoSuchMethodError'{0x00000000eed790f0}: 'java.lang.Object java.lang.invoke.DirectMethodHandle$Holder.invokeSpecial(java.lang.Object, java.lang.Object, java.lang.Object, java.lang.Object, long, java.lang.Object)'> (0x00000000eed790f0) 
thrown [s\src\hotspot\share\interpreter\linkResolver.cpp, line 759]
Event: 9.273 Thread 0x000001aa7efd1080 Exception <a 'java/lang/NoSuchMethodError'{0x00000000eed7d920}: 'java.lang.Object java.lang.invoke.Invokers$Holder.linkToTargetMethod(java.lang.Object, java.lang.Object, long, java.lang.Object, java.lang.Object)'> (0x00000000eed7d920) 
thrown [s\src\hotspot\share\interpreter\linkResolver.cpp, line 759]
Event: 9.382 Thread 0x000001aa7efd1080 Implicit null exception at 0x000001aa5864ecec to 0x000001aa5864ed94
Event: 9.407 Thread 0x000001aa7efd1080 Exception <a 'java/lang/ClassNotFoundException'{0x00000000ee71c8d0}: org/gradle/api/internal/artifacts/dsl/dependencies/DefaultDependencyHandler_DecoratedBeanInfo> (0x00000000ee71c8d0) 
thrown [s\src\hotspot\share\classfile\systemDictionary.cpp, line 256]
Event: 9.408 Thread 0x000001aa7efd1080 Exception <a 'java/lang/ClassNotFoundException'{0x00000000ee732710}: org/gradle/api/internal/artifacts/dsl/dependencies/DefaultDependencyHandlerBeanInfo> (0x00000000ee732710) 
thrown [s\src\hotspot\share\classfile\systemDictionary.cpp, line 256]
Event: 9.409 Thread 0x000001aa7efd1080 Exception <a 'java/lang/ClassNotFoundException'{0x00000000ee748510}: org/gradle/api/internal/artifacts/dsl/dependencies/DefaultDependencyHandlerCustomizer> (0x00000000ee748510) 
thrown [s\src\hotspot\share\classfile\systemDictionary.cpp, line 256]
Event: 9.413 Thread 0x000001aa7efd1080 Exception <a 'java/lang/ClassNotFoundException'{0x00000000ee788ed0}: org/gradle/api/internal/artifacts/dsl/dependencies/DefaultDependencyHandler_DecoratedCustomizer> (0x00000000ee788ed0) 
thrown [s\src\hotspot\share\classfile\systemDictionary.cpp, line 256]
Event: 9.418 Thread 0x000001aa7efd1080 Exception <a 'java/lang/ClassNotFoundException'{0x00000000ee7cc930}: ijresolvers1_2bramgrrwl4wxayqor0otb4gj$_run_closure1BeanInfo> (0x00000000ee7cc930) 
thrown [s\src\hotspot\share\classfile\systemDictionary.cpp, line 256]
Event: 9.419 Thread 0x000001aa7efd1080 Exception <a 'java/lang/ClassNotFoundException'{0x00000000ee7d3270}: ijresolvers1_2bramgrrwl4wxayqor0otb4gj$_run_closure1Customizer> (0x00000000ee7d3270) 
thrown [s\src\hotspot\share\classfile\systemDictionary.cpp, line 256]
Event: 9.508 Thread 0x000001aa7efd1080 Exception <a 'java/lang/NoSuchMethodError'{0x00000000ee49f9a0}: 'java.lang.Object java.lang.invoke.DirectMethodHandle$Holder.newInvokeSpecial(java.lang.Object, int, java.lang.Object)'> (0x00000000ee49f9a0) 
thrown [s\src\hotspot\share\interpreter\linkResolver.cpp, line 759]

VM Operations (20 events):
Event: 7.545 Executing VM operation: HandshakeAllThreads done
Event: 7.683 Executing VM operation: ICBufferFull
Event: 7.683 Executing VM operation: ICBufferFull done
Event: 8.308 Executing VM operation: HandshakeAllThreads
Event: 8.308 Executing VM operation: HandshakeAllThreads done
Event: 8.355 Executing VM operation: ICBufferFull
Event: 8.355 Executing VM operation: ICBufferFull done
Event: 8.776 Executing VM operation: CollectForMetadataAllocation
Event: 8.790 Executing VM operation: CollectForMetadataAllocation done
Event: 8.799 Executing VM operation: G1PauseRemark
Event: 8.802 Executing VM operation: G1PauseRemark done
Event: 8.802 Executing VM operation: G1PauseCleanup
Event: 8.803 Executing VM operation: G1PauseCleanup done
Event: 9.072 Executing VM operation: HandshakeAllThreads
Event: 9.072 Executing VM operation: HandshakeAllThreads done
Event: 9.169 Executing VM operation: HandshakeAllThreads
Event: 9.169 Executing VM operation: HandshakeAllThreads done
Event: 9.180 Executing VM operation: HandshakeAllThreads
Event: 9.181 Executing VM operation: HandshakeAllThreads done
Event: 10.192 Executing VM operation: Cleanup

Events (20 events):
Event: 8.216 loading class java/nio/channels/Channels done
Event: 8.216 loading class sun/nio/ch/ChannelInputStream
Event: 8.216 loading class sun/nio/ch/ChannelInputStream done
Event: 8.287 loading class java/lang/invoke/SerializedLambda
Event: 8.288 loading class java/lang/invoke/SerializedLambda done
Event: 8.322 loading class java/lang/SafeVarargs
Event: 8.322 loading class java/lang/SafeVarargs done
Event: 8.546 loading class jdk/internal/reflect/UnsafeStaticIntegerFieldAccessorImpl
Event: 8.546 loading class jdk/internal/reflect/UnsafeStaticIntegerFieldAccessorImpl done
Event: 8.707 Thread 0x000001aa00e1ef40 Thread added: 0x000001aa00e1ef40
Event: 8.852 Thread 0x000001aa00e1d0e0 Thread added: 0x000001aa00e1d0e0
Event: 8.940 Thread 0x000001aa00765c60 Thread exited: 0x000001aa00765c60
Event: 9.168 loading class java/util/ArrayList$ListItr
Event: 9.168 loading class java/util/ArrayList$ListItr done
Event: 9.390 loading class java/util/PrimitiveIterator$OfInt
Event: 9.390 loading class java/util/PrimitiveIterator
Event: 9.391 loading class java/util/PrimitiveIterator done
Event: 9.391 loading class java/util/PrimitiveIterator$OfInt done
Event: 9.396 loading class java/util/concurrent/RecursiveAction
Event: 9.397 loading class java/util/concurrent/RecursiveAction done


Dynamic libraries:
0x00007ff60cc40000 - 0x00007ff60cc4e000 	D:\Unity Editor\6000.1.1f1\Editor\Data\PlaybackEngines\AndroidPlayer\OpenJDK\bin\java.exe
0x00007ffd9bea0000 - 0x00007ffd9c108000 	C:\WINDOWS\SYSTEM32\ntdll.dll
0x00007ffd9a510000 - 0x00007ffd9a5d9000 	C:\WINDOWS\System32\KERNEL32.DLL
0x00007ffd99840000 - 0x00007ffd99c38000 	C:\WINDOWS\System32\KERNELBASE.dll
0x00007ffd99170000 - 0x00007ffd992bb000 	C:\WINDOWS\System32\ucrtbase.dll
0x00007ffd8a790000 - 0x00007ffd8a7a7000 	D:\Unity Editor\6000.1.1f1\Editor\Data\PlaybackEngines\AndroidPlayer\OpenJDK\bin\jli.dll
0x00007ffd9b530000 - 0x00007ffd9b6f7000 	C:\WINDOWS\System32\USER32.dll
0x00007ffd994c0000 - 0x00007ffd994e7000 	C:\WINDOWS\System32\win32u.dll
0x00007ffd9a050000 - 0x00007ffd9a07b000 	C:\WINDOWS\System32\GDI32.dll
0x00007ffd99710000 - 0x00007ffd9983c000 	C:\WINDOWS\System32\gdi32full.dll
0x00007ffd87f10000 - 0x00007ffd87f2b000 	D:\Unity Editor\6000.1.1f1\Editor\Data\PlaybackEngines\AndroidPlayer\OpenJDK\bin\VCRUNTIME140.dll
0x00007ffd99660000 - 0x00007ffd99703000 	C:\WINDOWS\System32\msvcp_win.dll
0x00007ffd77620000 - 0x00007ffd778b4000 	C:\WINDOWS\WinSxS\amd64_microsoft.windows.common-controls_6595b64144ccf1df_6.0.26100.7019_none_3e06ffa0e335b8a8\COMCTL32.dll
0x00007ffd9aee0000 - 0x00007ffd9af89000 	C:\WINDOWS\System32\msvcrt.dll
0x00007ffd9a830000 - 0x00007ffd9a861000 	C:\WINDOWS\System32\IMM32.DLL
0x00007ffd90190000 - 0x00007ffd9019c000 	D:\Unity Editor\6000.1.1f1\Editor\Data\PlaybackEngines\AndroidPlayer\OpenJDK\bin\vcruntime140_1.dll
0x00007ffd45050000 - 0x00007ffd450dd000 	D:\Unity Editor\6000.1.1f1\Editor\Data\PlaybackEngines\AndroidPlayer\OpenJDK\bin\msvcp140.dll
0x00007ffc7aab0000 - 0x00007ffc7b711000 	D:\Unity Editor\6000.1.1f1\Editor\Data\PlaybackEngines\AndroidPlayer\OpenJDK\bin\server\jvm.dll
0x00007ffd9b470000 - 0x00007ffd9b524000 	C:\WINDOWS\System32\ADVAPI32.dll
0x00007ffd99d40000 - 0x00007ffd99de6000 	C:\WINDOWS\System32\sechost.dll
0x00007ffd9aaa0000 - 0x00007ffd9abb8000 	C:\WINDOWS\System32\RPCRT4.dll
0x00007ffd988b0000 - 0x00007ffd9890e000 	C:\WINDOWS\SYSTEM32\POWRPROF.dll
0x00007ffd2d5d0000 - 0x00007ffd2d5da000 	C:\WINDOWS\SYSTEM32\WSOCK32.dll
0x00007ffd85940000 - 0x00007ffd85975000 	C:\WINDOWS\SYSTEM32\WINMM.dll
0x00007ffd92210000 - 0x00007ffd9221b000 	C:\WINDOWS\SYSTEM32\VERSION.dll
0x00007ffd9abc0000 - 0x00007ffd9ac34000 	C:\WINDOWS\System32\WS2_32.dll
0x00007ffd98840000 - 0x00007ffd98854000 	C:\WINDOWS\SYSTEM32\UMPDC.dll
0x00007ffd97db0000 - 0x00007ffd97dcb000 	C:\WINDOWS\SYSTEM32\kernel.appcore.dll
0x00007ffd8caf0000 - 0x00007ffd8cafa000 	D:\Unity Editor\6000.1.1f1\Editor\Data\PlaybackEngines\AndroidPlayer\OpenJDK\bin\jimage.dll
0x00007ffd96750000 - 0x00007ffd96992000 	C:\WINDOWS\SYSTEM32\DBGHELP.DLL
0x00007ffd9b0e0000 - 0x00007ffd9b46b000 	C:\WINDOWS\System32\combase.dll
0x00007ffd9b000000 - 0x00007ffd9b0d7000 	C:\WINDOWS\System32\OLEAUT32.dll
0x00007ffd63ca0000 - 0x00007ffd63cdc000 	C:\WINDOWS\SYSTEM32\dbgcore.DLL
0x00007ffd994f0000 - 0x00007ffd99595000 	C:\WINDOWS\System32\bcryptPrimitives.dll
0x00007ffd8a4a0000 - 0x00007ffd8a4ae000 	D:\Unity Editor\6000.1.1f1\Editor\Data\PlaybackEngines\AndroidPlayer\OpenJDK\bin\instrument.dll
0x00007ffd7afa0000 - 0x00007ffd7afc5000 	D:\Unity Editor\6000.1.1f1\Editor\Data\PlaybackEngines\AndroidPlayer\OpenJDK\bin\java.dll
0x00007ffd27570000 - 0x00007ffd27647000 	D:\Unity Editor\6000.1.1f1\Editor\Data\PlaybackEngines\AndroidPlayer\OpenJDK\bin\jsvml.dll
0x00007ffd9b700000 - 0x00007ffd9be51000 	C:\WINDOWS\System32\SHELL32.dll
0x00007ffd992c0000 - 0x00007ffd9942b000 	C:\WINDOWS\System32\wintypes.dll
0x00007ffd96c00000 - 0x00007ffd9745d000 	C:\WINDOWS\SYSTEM32\windows.storage.dll
0x00007ffd9a5e0000 - 0x00007ffd9a6d2000 	C:\WINDOWS\System32\SHCORE.dll
0x00007ffd9af90000 - 0x00007ffd9aff7000 	C:\WINDOWS\System32\shlwapi.dll
0x00007ffd98f10000 - 0x00007ffd98f39000 	C:\WINDOWS\SYSTEM32\profapi.dll
0x00007ffd863b0000 - 0x00007ffd863c8000 	D:\Unity Editor\6000.1.1f1\Editor\Data\PlaybackEngines\AndroidPlayer\OpenJDK\bin\zip.dll
0x00007ffd73700000 - 0x00007ffd73719000 	D:\Unity Editor\6000.1.1f1\Editor\Data\PlaybackEngines\AndroidPlayer\OpenJDK\bin\net.dll
0x00007ffd918b0000 - 0x00007ffd919d8000 	C:\WINDOWS\SYSTEM32\WINHTTP.dll
0x00007ffd98320000 - 0x00007ffd9838b000 	C:\WINDOWS\system32\mswsock.dll
0x00007ffd736e0000 - 0x00007ffd736f6000 	D:\Unity Editor\6000.1.1f1\Editor\Data\PlaybackEngines\AndroidPlayer\OpenJDK\bin\nio.dll
0x00007ffd85170000 - 0x00007ffd85180000 	D:\Unity Editor\6000.1.1f1\Editor\Data\PlaybackEngines\AndroidPlayer\OpenJDK\bin\verify.dll
0x00007ffd87eb0000 - 0x00007ffd87ed7000 	C:\Users\VICTUS\.gradle\native\1def1411415f61bf3af743bc5b6707747c0891f09f0c88961ee8f79bc544acac\windows-amd64\native-platform.dll
0x00007ffd358f0000 - 0x00007ffd35968000 	C:\Users\VICTUS\.gradle\native\0.2.7\x86_64-windows-gnu\gradle-fileevents.dll
0x00007ffd7af90000 - 0x00007ffd7af99000 	D:\Unity Editor\6000.1.1f1\Editor\Data\PlaybackEngines\AndroidPlayer\OpenJDK\bin\management.dll
0x00007ffd7ae80000 - 0x00007ffd7ae8b000 	D:\Unity Editor\6000.1.1f1\Editor\Data\PlaybackEngines\AndroidPlayer\OpenJDK\bin\management_ext.dll
0x00007ffd9ac70000 - 0x00007ffd9ac78000 	C:\WINDOWS\System32\PSAPI.DLL
0x00007ffd97770000 - 0x00007ffd977a4000 	C:\WINDOWS\SYSTEM32\IPHLPAPI.DLL
0x00007ffd9a820000 - 0x00007ffd9a82a000 	C:\WINDOWS\System32\NSI.dll
0x00007ffd91880000 - 0x00007ffd9189e000 	C:\WINDOWS\SYSTEM32\dhcpcsvc6.DLL
0x00007ffd91790000 - 0x00007ffd917b3000 	C:\WINDOWS\SYSTEM32\dhcpcsvc.DLL
0x00007ffd97800000 - 0x00007ffd9792c000 	C:\WINDOWS\SYSTEM32\DNSAPI.dll
0x00007ffd985e0000 - 0x00007ffd985fb000 	C:\WINDOWS\SYSTEM32\CRYPTSP.dll
0x00007ffd97d10000 - 0x00007ffd97d4a000 	C:\WINDOWS\system32\rsaenh.dll
0x00007ffd983d0000 - 0x00007ffd983fb000 	C:\WINDOWS\SYSTEM32\USERENV.dll
0x00007ffd98ee0000 - 0x00007ffd98f0a000 	C:\WINDOWS\SYSTEM32\bcrypt.dll
0x00007ffd98600000 - 0x00007ffd9860c000 	C:\WINDOWS\SYSTEM32\CRYPTBASE.dll
0x00007ffd79ab0000 - 0x00007ffd79abe000 	D:\Unity Editor\6000.1.1f1\Editor\Data\PlaybackEngines\AndroidPlayer\OpenJDK\bin\sunmscapi.dll
0x00007ffd98ff0000 - 0x00007ffd99167000 	C:\WINDOWS\System32\CRYPT32.dll
0x00007ffd98920000 - 0x00007ffd98950000 	C:\WINDOWS\SYSTEM32\ncrypt.dll
0x00007ffd98860000 - 0x00007ffd9889f000 	C:\WINDOWS\SYSTEM32\NTASN1.dll
0x00007ffd6acb0000 - 0x00007ffd6acb8000 	C:\WINDOWS\system32\wshunix.dll

dbghelp: loaded successfully - version: 4.0.5 - missing functions: none
symbol engine: initialized successfully - sym options: 0x614 - pdb path: .;D:\Unity Editor\6000.1.1f1\Editor\Data\PlaybackEngines\AndroidPlayer\OpenJDK\bin;C:\WINDOWS\SYSTEM32;C:\WINDOWS\WinSxS\amd64_microsoft.windows.common-controls_6595b64144ccf1df_6.0.26100.7019_none_3e06ffa0e335b8a8;D:\Unity Editor\6000.1.1f1\Editor\Data\PlaybackEngines\AndroidPlayer\OpenJDK\bin\server;C:\Users\VICTUS\.gradle\native\1def1411415f61bf3af743bc5b6707747c0891f09f0c88961ee8f79bc544acac\windows-amd64;C:\Users\VICTUS\.gradle\native\0.2.7\x86_64-windows-gnu

VM Arguments:
jvm_args: --add-opens=java.base/java.lang=ALL-UNNAMED --add-opens=java.base/java.lang.invoke=ALL-UNNAMED --add-opens=java.base/java.util=ALL-UNNAMED --add-opens=java.prefs/java.util.prefs=ALL-UNNAMED --add-exports=jdk.compiler/com.sun.tools.javac.api=ALL-UNNAMED --add-exports=jdk.compiler/com.sun.tools.javac.util=ALL-UNNAMED --add-opens=java.base/java.util=ALL-UNNAMED --add-opens=java.prefs/java.util.prefs=ALL-UNNAMED --add-opens=java.base/java.nio.charset=ALL-UNNAMED --add-opens=java.base/java.net=ALL-UNNAMED --add-opens=java.base/java.util.concurrent.atomic=ALL-UNNAMED --add-opens=java.xml/javax.xml.namespace=ALL-UNNAMED -XX:MaxMetaspaceSize=384m -XX:+HeapDumpOnOutOfMemoryError -Xms256m -Xmx512m -Dfile.encoding=UTF-8 -Duser.country=PE -Duser.language=es -Duser.variant -javaagent:C:\Users\VICTUS\.gradle\wrapper\dists\gradle-8.14.3-bin\cv11ve7ro1n3o1j4so8xd9n66\gradle-8.14.3\lib\agents\gradle-instrumentation-agent-8.14.3.jar 
java_command: org.gradle.launcher.daemon.bootstrap.GradleDaemon 8.14.3
java_class_path (initial): C:\Users\VICTUS\.gradle\wrapper\dists\gradle-8.14.3-bin\cv11ve7ro1n3o1j4so8xd9n66\gradle-8.14.3\lib\gradle-daemon-main-8.14.3.jar
Launcher Type: SUN_STANDARD

[Global flags]
     intx CICompilerCount                          = 4                                         {product} {ergonomic}
   size_t CompressedClassSpaceSize                 = 335544320                                 {product} {ergonomic}
     uint ConcGCThreads                            = 3                                         {product} {ergonomic}
     uint G1ConcRefinementThreads                  = 10                                        {product} {ergonomic}
   size_t G1HeapRegionSize                         = 1048576                                   {product} {ergonomic}
    uintx GCDrainStackTargetSize                   = 64                                        {product} {ergonomic}
     bool HeapDumpOnOutOfMemoryError               = true                                   {manageable} {command line}
   size_t InitialHeapSize                          = 268435456                                 {product} {command line}
   size_t MarkStackSize                            = 4194304                                   {product} {ergonomic}
   size_t MaxHeapSize                              = 536870912                                 {product} {command line}
   size_t MaxMetaspaceSize                         = 402653184                                 {product} {command line}
   size_t MaxNewSize                               = 321912832                                 {product} {ergonomic}
   size_t MinHeapDeltaBytes                        = 1048576                                   {product} {ergonomic}
   size_t MinHeapSize                              = 268435456                                 {product} {command line}
    uintx NonNMethodCodeHeapSize                   = 5839372                                {pd product} {ergonomic}
    uintx NonProfiledCodeHeapSize                  = 122909434                              {pd product} {ergonomic}
    uintx ProfiledCodeHeapSize                     = 122909434                              {pd product} {ergonomic}
    uintx ReservedCodeCacheSize                    = 251658240                              {pd product} {ergonomic}
     bool SegmentedCodeCache                       = true                                      {product} {ergonomic}
   size_t SoftMaxHeapSize                          = 536870912                              {manageable} {ergonomic}
     bool UseCompressedClassPointers               = true                           {product lp64_product} {ergonomic}
     bool UseCompressedOops                        = true                           {product lp64_product} {ergonomic}
     bool UseG1GC                                  = true                                      {product} {ergonomic}
     bool UseLargePagesIndividualAllocation        = false                                  {pd product} {ergonomic}

Logging:
Log output configuration:
 #0: stdout all=warning uptime,level,tags
 #1: stderr all=off uptime,level,tags

Environment Variables:
JAVA_HOME=D:\Unity Editor\6000.1.1f1\Editor\Data\PlaybackEngines\AndroidPlayer\OpenJDK
PATH=D:\Oracle21c\dbhomeXE\bin;C:\app\VICTUS\product\21c\dbhomeXE\bin;C:\Program Files\Common Files\Oracle\Java\javapath;C:\Program Files (x86)\Common Files\Oracle\Java\java8path;C:\Program Files (x86)\Common Files\Oracle\Java\javapath;C:\Windows\system32;C:\Windows;C:\Windows\System32\Wbem;C:\Windows\System32\WindowsPowerShell\v1.0\;C:\Windows\System32\OpenSSH\;C:\Program Files (x86)\NVIDIA Corporation\PhysX\Common;C:\xampp\php;C:\Program Files\nodejs\;C:\Program Files\Docker\Docker\resources\bin;C:\Program Files\Git\cmd;C:\Users\VICTUS\Downloads\AOACHE MAVEN\apache-maven-3.9.9\bin;C:\Program Files\playit_gg\bin\;C:\WINDOWS\system32;C:\WINDOWS;C:\WINDOWS\System32\Wbem;C:\WINDOWS\System32\WindowsPowerShell\v1.0\;C:\WINDOWS\System32\OpenSSH\;C:\Program Files\dotnet\;D:\Python\;D:\Python\Scripts\;C:\Program Files\VideoLAN\VLC;C:\Program Files\NVIDIA Corporation\NVIDIA App\NvDLISR;C:\Users\VICTUS\AppData\Local\Android\Sdk\emulator;C:\Users\VICTUS\AppData\Local\Android\Sdk\platform-tools;D:\PuTTY\;C:\Users\VICTUS\.console-ninja\.bin;C:\Users\VICTUS\AppData\Local\Microsoft\WindowsApps;C:\Users\VICTUS\AppData\Local\Programs\Microsoft VS Code\bin;C:\Users\VICTUS\AppData\Roaming\npm;D:\Intelli IDEA\IntelliJ IDEA 2024.3\bin;;D:\MAVEN\apache-maven-3.9.9\bin;D:\Unity Editor\6000.1.1f1\Editor\Data\PlaybackEngines\AndroidPlayer\OpenJDK\bin;D:\Android_tools\cmdline-tools\bin;D:\Android_tools\platform-tools;C:\Users\VICTUS\AppData\Local\Microsoft\WindowsApps;D:\Cloud Google\google-cloud-sdk\bin;D:\ffmpeg\ffmpeg-7.0.2-essentials_build\bin;C:\Users\VICTUS\.dotnet\tools;D:\Flutter SDK UWU\flutter\bin;D:\Gradle\gradle-8.11.1\bin;
USERNAME=VICTUS
OS=Windows_NT
PROCESSOR_IDENTIFIER=Intel64 Family 6 Model 141 Stepping 1, GenuineIntel
TMP=C:\Users\VICTUS\AppData\Local\Temp
TEMP=C:\Users\VICTUS\AppData\Local\Temp



Periodic native trim disabled


---------------  S Y S T E M  ---------------

OS:
 Windows 11 , 64 bit Build 26100 (10.0.26100.7019)
OS uptime: 2 days 10:18 hours
Hyper-V role detected

CPU: total 12 (initial active 12) (6 cores per cpu, 2 threads per core) family 6 model 141 stepping 1 microcode 0x4e, cx8, cmov, fxsr, ht, mmx, 3dnowpref, sse, sse2, sse3, ssse3, sse4.1, sse4.2, popcnt, lzcnt, tsc, tscinvbit, avx, avx2, aes, erms, clmul, bmi1, bmi2, adx, avx512f, avx512dq, avx512cd, avx512bw, avx512vl, sha, fma, vzeroupper, avx512_vpopcntdq, avx512_vpclmulqdq, avx512_vaes, avx512_vnni, clflush, clflushopt, clwb, avx512_vbmi2, avx512_vbmi, hv
Processor Information for all 12 processors :
  Max Mhz: 2688, Current Mhz: 2688, Mhz Limit: 2688

Memory: 4k page, system-wide physical 32405M (9281M free)
TotalPageFile size 40597M (AvailPageFile size 29M)
current process WorkingSet (physical memory assigned to process): 55M, peak: 293M
current process commit charge ("private bytes"): 454M, peak: 486M

vm_info: OpenJDK 64-Bit Server VM (17.0.9+9) for windows-amd64 JRE (17.0.9+9), built on Oct 26 2023 14:01:42 by "admin" with MS VC++ 16.10 / 16.11 (VS2019)

END.
