#
# There is insufficient memory for the Java Runtime Environment to continue.
# Native memory allocation (mmap) failed to map 532676608 bytes for G1 virtual space
# Possible reasons:
#   The system is out of physical RAM or swap space
#   The process is running with CompressedOops enabled, and the Java Heap may be blocking the growth of the native heap
# Possible solutions:
#   Reduce memory load on the system
#   Increase physical memory or swap space
#   Check if swap backing store is full
#   Decrease Java heap size (-Xmx/-Xms)
#   Decrease number of Java threads
#   Decrease Java thread stack sizes (-Xss)
#   Set larger code cache with -XX:ReservedCodeCacheSize=
#   JVM is running with Zero Based Compressed Oops mode in which the Java heap is
#     placed in the first 32GB address space. The Java Heap base address is the
#     maximum limit for the native heap growth. Please use -XX:HeapBaseMinAddress
#     to set the Java Heap base and to place the Java Heap above 32GB virtual address.
# This output file may be truncated or incomplete.
#
#  Out of Memory Error (os_windows.cpp:3600), pid=5896, tid=42680
#
# JRE version:  (21.0.5+9) (build )
# Java VM: Java HotSpot(TM) 64-Bit Server VM (21.0.5+9-LTS-239, mixed mode, emulated-client, sharing, tiered, compressed oops, compressed class ptrs, g1 gc, windows-amd64)
# No core dump will be written. Minidumps are not enabled by default on client versions of Windows
#

---------------  S U M M A R Y ------------

Command Line: -XX:TieredStopAtLevel=1 -Dspring.output.ansi.enabled=always -Dcom.sun.management.jmxremote -Dspring.jmx.enabled=true -Dspring.liveBeansView.mbeanDomain -Dspring.application.admin.enabled=true -Dmanagement.endpoints.jmx.exposure.include=* -javaagent:D:\Intelli IDEA\IntelliJ IDEA 2024.3\lib\idea_rt.jar=63866:D:\Intelli IDEA\IntelliJ IDEA 2024.3\bin -Dfile.encoding=UTF-8 -Dsun.stdout.encoding=UTF-8 -Dsun.stderr.encoding=UTF-8 kado.kadosh.KadoshBackEndApplication

Host: 11th Gen Intel(R) Core(TM) i5-11400H @ 2.70GHz, 12 cores, 31G,  Windows 11 , 64 bit Build 26100 (10.0.26100.7019)
Time: Thu Nov 13 17:26:18 2025 Hora est. Pacífico, Sudamérica elapsed time: 2.063633 seconds (0d 0h 0m 2s)

---------------  T H R E A D  ---------------

Current thread (0x00000181d73d94e0):  JavaThread "Unknown thread" [_thread_in_vm, id=42680, stack(0x00000024c4500000,0x00000024c4600000) (1024K)]

Stack: [0x00000024c4500000,0x00000024c4600000]
Native frames: (J=compiled Java code, j=interpreted, Vv=VM code, C=native code)
V  [jvm.dll+0x6ca289]
V  [jvm.dll+0x854a51]
V  [jvm.dll+0x856f7e]
V  [jvm.dll+0x857653]
V  [jvm.dll+0x27dd26]
V  [jvm.dll+0x6c6a25]
V  [jvm.dll+0x6bb5aa]
V  [jvm.dll+0x35359a]
V  [jvm.dll+0x35b1f6]
V  [jvm.dll+0x3adade]
V  [jvm.dll+0x3add88]
V  [jvm.dll+0x3278fc]
V  [jvm.dll+0x32845b]
V  [jvm.dll+0x81de19]
V  [jvm.dll+0x3ba7c1]
V  [jvm.dll+0x807168]
V  [jvm.dll+0x44f96e]
V  [jvm.dll+0x451561]
C  [jli.dll+0x52a3]
C  [ucrtbase.dll+0x37b0]
C  [KERNEL32.DLL+0x2e8d7]
C  [ntdll.dll+0x8c53c]


---------------  P R O C E S S  ---------------

Threads class SMR info:
_java_thread_list=0x00007ffa5e4fac08, length=0, elements={
}

Java Threads: ( => current thread )
Total: 0

Other Threads:
  0x00000181eeda05f0 WorkerThread "GC Thread#0"                     [id=37656, stack(0x00000024c4600000,0x00000024c4700000) (1024K)]
  0x00000181d77a1fb0 ConcurrentGCThread "G1 Main Marker"            [id=24948, stack(0x00000024c4700000,0x00000024c4800000) (1024K)]
  0x00000181d77a36e0 WorkerThread "G1 Conc#0"                       [id=2752, stack(0x00000024c4800000,0x00000024c4900000) (1024K)]

[error occurred during error reporting (printing all threads), id 0xc0000005, EXCEPTION_ACCESS_VIOLATION (0xc0000005) at pc=0x00007ffa5dc6a087]
VM state: not at safepoint (not fully initialized)

VM Mutex/Monitor currently owned by a thread:  ([mutex/lock_event])
[0x00007ffa5e56bf98] Heap_lock - owner thread: 0x00000181d73d94e0

Heap address: 0x0000000605800000, size: 8104 MB, Compressed Oops mode: Zero based, Oop shift amount: 3

CDS archive(s) mapped at: [0x0000000000000000-0x0000000000000000-0x0000000000000000), size 0, SharedBaseAddress: 0x0000000800000000, ArchiveRelocationMode: 1.
Narrow klass base: 0x0000000000000000, Narrow klass shift: 0, Narrow klass range: 0x0

GC Precious Log:
 CardTable entry size: 512
 Card Set container configuration: InlinePtr #cards 4 size 8 Array Of Cards #cards 32 size 80 Howl #buckets 8 coarsen threshold 7372 Howl Bitmap #cards 1024 size 144 coarsen threshold 921 Card regions per heap region 1 cards per card region 8192

Heap:
 garbage-first heap   total 0K, used 0K [0x0000000605800000, 0x0000000800000000)
  region size 4096K, 0 young (0K), 0 survivors (0K)

[error occurred during error reporting (printing heap information), id 0xc0000005, EXCEPTION_ACCESS_VIOLATION (0xc0000005) at pc=0x00007ffa5e053259]
GC Heap History (0 events):
No events

Dll operation events (1 events):
Event: 0.035 Loaded shared library C:\Program Files\Java\jdk-21\bin\java.dll

Deoptimization events (0 events):
No events

Classes loaded (0 events):
No events

Classes unloaded (0 events):
No events

Classes redefined (0 events):
No events

Internal exceptions (0 events):
No events

ZGC Phase Switch (0 events):
No events

VM Operations (0 events):
No events

Events (0 events):
No events


Dynamic libraries:
0x00007ff63a940000 - 0x00007ff63a950000 	C:\Program Files\Java\jdk-21\bin\java.exe
0x00007ffb3b880000 - 0x00007ffb3bae8000 	C:\WINDOWS\SYSTEM32\ntdll.dll
0x00007ffb39b80000 - 0x00007ffb39c49000 	C:\WINDOWS\System32\KERNEL32.DLL
0x00007ffb38fe0000 - 0x00007ffb393d8000 	C:\WINDOWS\System32\KERNELBASE.dll
0x00007ffb38b40000 - 0x00007ffb38c8b000 	C:\WINDOWS\System32\ucrtbase.dll
0x00007ffb244a0000 - 0x00007ffb244bb000 	C:\Program Files\Java\jdk-21\bin\VCRUNTIME140.dll
0x00007ffb201c0000 - 0x00007ffb201d9000 	C:\Program Files\Java\jdk-21\bin\jli.dll
0x00007ffb3ab20000 - 0x00007ffb3abd4000 	C:\WINDOWS\System32\ADVAPI32.dll
0x00007ffb39980000 - 0x00007ffb39a29000 	C:\WINDOWS\System32\msvcrt.dll
0x00007ffb39790000 - 0x00007ffb39836000 	C:\WINDOWS\System32\sechost.dll
0x00007ffb3ac10000 - 0x00007ffb3ad28000 	C:\WINDOWS\System32\RPCRT4.dll
0x00007ffb3b5f0000 - 0x00007ffb3b7b7000 	C:\WINDOWS\System32\USER32.dll
0x00007ffb39470000 - 0x00007ffb39497000 	C:\WINDOWS\System32\win32u.dll
0x00007ffb19590000 - 0x00007ffb19824000 	C:\WINDOWS\WinSxS\amd64_microsoft.windows.common-controls_6595b64144ccf1df_6.0.26100.7019_none_3e06ffa0e335b8a8\COMCTL32.dll
0x00007ffb3abe0000 - 0x00007ffb3ac0b000 	C:\WINDOWS\System32\GDI32.dll
0x00007ffb38eb0000 - 0x00007ffb38fdc000 	C:\WINDOWS\System32\gdi32full.dll
0x00007ffb38a90000 - 0x00007ffb38b33000 	C:\WINDOWS\System32\msvcp_win.dll
0x00007ffb31df0000 - 0x00007ffb31dfb000 	C:\WINDOWS\SYSTEM32\VERSION.dll
0x00007ffb39620000 - 0x00007ffb39651000 	C:\WINDOWS\System32\IMM32.DLL
0x00007ffb088c0000 - 0x00007ffb088cc000 	C:\Program Files\Java\jdk-21\bin\vcruntime140_1.dll
0x00007ffadee10000 - 0x00007ffadee9e000 	C:\Program Files\Java\jdk-21\bin\msvcp140.dll
0x00007ffa5d930000 - 0x00007ffa5e648000 	C:\Program Files\Java\jdk-21\bin\server\jvm.dll
0x00007ffb3a000000 - 0x00007ffb3a074000 	C:\WINDOWS\System32\WS2_32.dll
0x00007ffb382d0000 - 0x00007ffb3832e000 	C:\WINDOWS\SYSTEM32\POWRPROF.dll
0x00007ffb26630000 - 0x00007ffb26665000 	C:\WINDOWS\SYSTEM32\WINMM.dll
0x00007ffb382b0000 - 0x00007ffb382c4000 	C:\WINDOWS\SYSTEM32\UMPDC.dll
0x00007ffb37770000 - 0x00007ffb3778b000 	C:\WINDOWS\SYSTEM32\kernel.appcore.dll
0x00007ffb086b0000 - 0x00007ffb086ba000 	C:\Program Files\Java\jdk-21\bin\jimage.dll
0x00007ffb362a0000 - 0x00007ffb364e2000 	C:\WINDOWS\SYSTEM32\DBGHELP.DLL
0x00007ffb39c50000 - 0x00007ffb39fdb000 	C:\WINDOWS\System32\combase.dll
0x00007ffb3ad30000 - 0x00007ffb3ae07000 	C:\WINDOWS\System32\OLEAUT32.dll
0x00007ffb06f60000 - 0x00007ffb06f9c000 	C:\WINDOWS\SYSTEM32\dbgcore.DLL
0x00007ffb38c90000 - 0x00007ffb38d35000 	C:\WINDOWS\System32\bcryptPrimitives.dll
0x00007ffb086a0000 - 0x00007ffb086af000 	C:\Program Files\Java\jdk-21\bin\instrument.dll
0x00007ffb055a0000 - 0x00007ffb055bf000 	C:\Program Files\Java\jdk-21\bin\java.dll

dbghelp: loaded successfully - version: 4.0.5 - missing functions: none
symbol engine: initialized successfully - sym options: 0x614 - pdb path: .;C:\Program Files\Java\jdk-21\bin;C:\WINDOWS\SYSTEM32;C:\WINDOWS\WinSxS\amd64_microsoft.windows.common-controls_6595b64144ccf1df_6.0.26100.7019_none_3e06ffa0e335b8a8;C:\Program Files\Java\jdk-21\bin\server

VM Arguments:
jvm_args: -XX:TieredStopAtLevel=1 -Dspring.output.ansi.enabled=always -Dcom.sun.management.jmxremote -Dspring.jmx.enabled=true -Dspring.liveBeansView.mbeanDomain -Dspring.application.admin.enabled=true -Dmanagement.endpoints.jmx.exposure.include=* -javaagent:D:\Intelli IDEA\IntelliJ IDEA 2024.3\lib\idea_rt.jar=63866:D:\Intelli IDEA\IntelliJ IDEA 2024.3\bin -Dfile.encoding=UTF-8 -Dsun.stdout.encoding=UTF-8 -Dsun.stderr.encoding=UTF-8 
java_command: kado.kadosh.KadoshBackEndApplication
java_class_path (initial): D:\codigos reyna\Kadosh - BackEnd\build\classes\java\main;D:\codigos reyna\Kadosh - BackEnd\build\resources\main;C:\Users\VICTUS\.gradle\caches\modules-2\files-2.1\org.projectlombok\lombok\1.18.40\398c6d2d7c42c96b65e78d2ddc9be0058c163453\lombok-1.18.40.jar;C:\Users\VICTUS\.gradle\caches\modules-2\files-2.1\org.springframework.boot\spring-boot-starter-data-jpa\3.5.6\ec77fd4b025ff3401e80be68a8a3dfbe45c7dcfa\spring-boot-starter-data-jpa-3.5.6.jar;C:\Users\VICTUS\.gradle\caches\modules-2\files-2.1\org.springframework.boot\spring-boot-starter-security\3.5.6\f784752820b4e59f1e144e6d208d04fa27da9\spring-boot-starter-security-3.5.6.jar;C:\Users\VICTUS\.gradle\caches\modules-2\files-2.1\org.springframework.boot\spring-boot-starter-validation\3.5.6\2ec647ae8e16b09a4aee4a17c0e7736f6214aacc\spring-boot-starter-validation-3.5.6.jar;C:\Users\VICTUS\.gradle\caches\modules-2\files-2.1\org.springframework.boot\spring-boot-starter-web\3.5.6\83d6174983b3d6649525a272222af212728a9892\spring-boot-starter-web-3.5.6.jar;C:\Users\VICTUS\.gradle\caches\modules-2\files-2.1\org.springframework.boot\spring-boot-starter-json\3.5.6\62143e29dbac1e72759da7dd85fb8f85a3d582f7\spring-boot-starter-json-3.5.6.jar;C:\Users\VICTUS\.gradle\caches\modules-2\files-2.1\org.springframework.boot\spring-boot-starter-actuator\3.5.6\3e00af7ce0236ea8644bf76284f538beba3e76c7\spring-boot-starter-actuator-3.5.6.jar;C:\Users\VICTUS\.gradle\caches\modules-2\files-2.1\org.springframework.boot\spring-boot-starter-mail\3.5.6\3eb538d7fd28516e08908d9b9b912a8d8ec5cc8e\spring-boot-starter-mail-3.5.6.jar;C:\Users\VICTUS\.gradle\caches\modules-2\files-2.1\org.springframework.boot\spring-boot-starter-batch\3.5.6\64668902e25929fef4f58d1604c07c707dfaef4\spring-boot-starter-batch-3.5.6.jar;C:\Users\VICTUS\.gradle\caches\modules-2\files-2.1\org.springframework.boot\spring-boot-starter\3.5.6\2a2de314809a7c4c9b7303063c1313e03fe31ad3\spring-boot-starter-3.5.6.jar;C:\Users\VICTUS\.gradle\caches\modules-2\files-2.1\org.springframework.security\spring-security-config\6.5.5\e647f8334d2d4578f7b553e705a409017ac37be1\spring-security-config-6.5.5.jar;C:\Users\VICTUS\.gradle\caches\modules-2\files-2.1\org.springframework.security\spring-security-core\6.5.5\b4010d71d6b53cae574ba3d5c15629ed782f3318\spring-security-core-6.5.5.jar;C:\Users\VICTUS\.gradle\caches\modules-2\files-2.1\com.google.firebase\firebase-admin\9.2.0\92f5b2f4da778efcd82c9421a0eccae70b11030c\firebase-admin-9.2.0.jar;C:\Users\VICTUS\.gradle\caches\modules-2\files-2.1\com.google.cloud\google-cloud-storage\2.23.0\7a5fed82c5e3b7acb8c976c2ac2d618420fbffbe\google-cloud-storage-2.23.0.jar;C:\Users\VICTUS\.gradle\caches\modules-2\files-2.1\io.jsonwebtoken\jjwt-api\0.11.2\57c34dce3e88f2972c5c5465b6291acfb5628084\jjwt-api-0.11.2.jar;C:\Users\VICTUS\.gradle\caches\modules-2\files-2.1\org.springframework.boot\spring-boot-starter-jdbc\3.5.6\812d2dc9a662d9ab640bea01b383e82d881fc586\spring-boot-starter-jdbc-3.5.6.jar;C:\Users\VICTUS\.gradle\caches\modules-2\files-2.1\org.springframework.data\spring-data-jpa\3.5.4\abd37141d1bd52283aac0d962d6efa1d4d72424b\spring-data-jpa-3.5.4.jar;C:\Users\VICTUS\.gradle\caches\modules-2\files-2.1\org.hibernate.orm\hibernate-core\6.6.29.Final\d12db68bb867e2fe6e68740b3fba3d1d633f77ff\hibernate-core-6.6.29.Final.jar;C:\Users\VICTUS\.gradle\caches\modules-2\files-2.1\org.springframework\spring-aspects\6.2.11\e02d582f1595b101c7fa53778e91ddb71d62974e\spring-aspects-6.2.11.jar;C:\Users\VICTUS\.gradle\caches\modules-2\files-2.1\org.springframework.security\spring-security-web\6.5.5\53362443076c948cf1fbdd078802ef58917b5938\spring-security-web-6.5.5.jar;C:\Users\VICTUS\.gradle\caches\modules-2\files-2.1\org.springframework\spring-aop\6.2.11\1e970383810700506d646c2fa8943725f123f000\spring-aop-6.2.11.jar;C:\Users\VICTUS\.gradle\caches\modules-2\files-2.1\org.apache.tomcat.embed\tomcat-embed-el\10.1.46\e1fc6986d030e791415535e28fd21c0be11810de\tomcat-embed-el-10.1.46.jar;C:\Users\VICTUS\.gradle\caches\modules-2\files-2.1\org.hibernate.validator\hibernate-validator\8.0.3.Final\4425f554297a1c5ba03a3f30e559a9fd91048cf8\hibernate-validator-8.0.3.Final.jar;C:\Users\VICTUS\.gradle\caches\modules-2\files-2.1\org.springframework.boot\spring-boot-starter-tomcat\3.5.6\9384211e92c82344e23b00a580cc769724ea9a0c\spring-boot-starter-tomcat-3.5.6.jar;C:\Users\VICTUS\.gradle\caches\modules-2\files-2.1\org.springframework\spring-webmvc\6.2.11\3313fe95e06c1d3c94d00301cbed56ed1a9d2a86\spring-webmvc-6.2.11.jar;C:\Users\VICTUS\.gradle\caches\modules-2\files-2.1\org.springframework\spring-web\6.2.11\e590ac3e1aaea2d34a5ccb5c25ad84acbada8468\spring-web-6.2.11.jar;C:\Users\VICTUS\.gradle\caches\modules-2\files-2.1\com.fasterxml.jackson.datatype\jackson-datatype-jsr310\2.19.2\72e73f048b36d9df82aef146bf8b2ae63b2e28e2\jackson-datatype-jsr310-2.19.2.jar;C:\Users\VICTUS\.gradle\caches\modules-2\files-2.1\com.fasterxml.jackson.module\jackson-module-parameter-names\2.19.2\3c4ce467c11364c72ec4967c570fd5a2d1be1d0b\jackson-module-parameter-names-2.19.2.jar;C:\Users\VICTUS\.gradle\caches\modules-2\files-2.1\com.fasterxml.jackson.datatype\jackson-datatype-jdk8\2.19.2\a720d3946c3a1ab04b780f3b3163d62eee6948a0\jackson-datatype-jdk8-2.19.2.jar;C:\Users\VICTUS\.gradle\caches\modules-2\files-2.1\com.fasterxml.jackson.core\jackson-databind\2.19.2\46509399d28f57ca32c6bb4b0d4e10e8f062051e\jackson-databind-2.19.2.jar;C:\Users\VICTUS\.gradle\caches\modules-2\files-2.1\org.springframework.boot\spring-boot-actuator-autoconfigure\3.5.6\7b7f4245c6ea91cb28edf73368998748d318b603\spring-boot-actuator-autoconfigure-3.5.6.jar;C:\Users\VICTUS\.gradle\caches\modules-2\files-2.1\io.micrometer\micrometer-jakarta9\1.15.4\639673a45d74ddeeaab885b0251687644059d88f\micrometer-jakarta9-1.15.4.jar;C:\Users\VICTUS\.gradle\caches\modules-2\files-2.1\io.micrometer\micrometer-observation\1.15.4\8cd0aed0ff098a7937f2f8f81705840f2d60a432\micrometer-observation-1.15.4.jar;C:\Users\VICTUS\.gradle\caches\modules-2\files-2.1\org.springframework\spring-context-support\6.2.11\b092cbb9c21eab6fbbbf57b21eaef8da6d3a96a6\spring-context-support-6.2.11.jar;C:\Users\VICTUS\.gradle\caches\modules-2\files-2.1\org.eclipse.angus\jakarta.mail\2.0.4\c9186aca3267c1ee38ada22acfb12d7ef5c73593\jakarta.mail-2.0.4.jar;C:\Users\VICTUS\.gradle\caches\modules-2\files-2.1\org.springframework.batch\spring-batch-core\5.2.3\fb1f06d93ef72e7276e1ab5007e8833ccda3629a\spring-batch-core-5.2.3.jar;C:\Users\VICTUS\.gradle\caches\modules-2\files-2.1\org.springframework.boot\spring-boot-autoconfigure\3.5.6\6b8fc2519774de4e82b0dbb5651093ce2ca20836\spring-boot-autoconfigure-3.5.6.jar;C:\Users\VICTUS\.gradle\caches\modules-2\files-2.1\org.springframework.boot\spring-boot\3.5.6\a02f486ab700dad1f81e54cb37651d92a3f9d700\spring-boot-3.5.6.jar;C:\Users\VICTUS\.gradle\caches\modules-2\files-2.1\org.springframework.boot\spring-boot-starter-logging\3.5.6\61717f15cb53d2a0cce6428b29adbdc2ed5f2f25\spring-boot-starter-logging-3.5.6.jar;C:\Users\VICTUS\.gradle\caches\modules-2\files-2.1\jakarta.annotation\jakarta.annotation-api\2.1.1\48b9bda22b091b1f48b13af03fe36db3be6e1ae3\jakarta.annotation-api-2.1.1.jar;C:\Users\VICTUS\.gradle\caches\modules-2\files-2.1\org.springframework\spring-core\6.2.11\f4860eb6ea92abb8ae6c5e82e2e7efc395cef8d\spring-core-6.2.11.jar;C:\Users\VICTUS\.gradle\caches\modules-2\files-2.1\org.yaml\snakeyaml\2.4\e0666b825b796f85521f02360e77f4c92c5a7a07\snakeyaml-2.4.jar;C:\Users\VICTUS\.gradle\caches\modules-2\files-2.1\org.springframework\spring-context\6.2.11\bbfb4d55385b2b65ecaf04937d209cf467eaba2f\spring-context-6.2.11.jar;C:\Users\VICTUS\.gradle\caches\modules-2\files-2.1\org.springframework\spring-beans\6.2.11\8d92eb837b70094d7316f6a07770eefd360bc53c\spring-beans-6.2.11.jar;C:\Users\VICTUS\.gradle\caches\modules-2\files-2.1\org.springframework\spring-expression\6.2.11\7190c1c69576516efef1a061d956dccf17cb0b86\spring-expression-6.2.11.jar;C:\Users\VICTUS\.gradle\caches\modules-2\files-2.1\org.springframework.security\spring-security-crypto\6.5.5\83f9ebdd4706d23d697a7012aa946b64b54476f6\spring-security-crypto-6.5.5.jar;C:\Users\VICTUS\.gradle\caches\modules-2\files-2.1\com.google.api-client\google-api-client-gson\2.2.0\319d792c7df5164ba33f5741b642071915d8c046\google-api-client-gson-2.2.0.jar;C:\Users\VICTUS\.gradle\caches\modules-2\files-2.1\com.google.api-client\google-api-client\2.2.0\10e53fd4d987e37190432e896bdaa62e8ea2c628\google-api-client-2.2.0.jar;C:\Users\VICTUS\.gradle\caches\modules-2\files-2.1\com.google.cloud\google-cloud-firestore\3.13.0\c013a2093a5d3289046a1bb1bf6a998aa99520c1\google-cloud-firestore-3.13.0.jar;C:\Users\VICTUS\.gradle\caches\modules-2\files-2.1\com.google.auth\google-auth-library-oauth2-http\1.17.0\e35ec917193f59d33c51c87c96b04b55cbd87fb7\google-auth-library-oauth2-http-1.17.0.jar;C:\Users\VICTUS\.gradle\caches\modules-2\files-2.1\com.google.http-client\google-http-client\1.43.1\2ef9413e65319ac448534b424522a2c48087d884\google-http-client-1.43.1.jar;C:\Users\VICTUS\.gradle\caches\modules-2\files-2.1\com.google.api\api-common\2.12.0\6022f93e9ab205e5804b8e1f6208cf7cce140a87\api-common-2.12.0.jar;C:\Users\VICTUS\.gradle\caches\modules-2\files-2.1\com.google.guava\guava\31.1-jre\60458f877d055d0c9114d9e1a2efb737b4bc282c\guava-31.1-jre.jar;C:\Users\VICTUS\.gradle\caches\modules-2\files-2.1\org.slf4j\slf4j-api\2.0.17\d9e58ac9c7779ba3bf8142aff6c830617a7fe60f\slf4j-api-2.0.17.jar;C:\Users\VICTUS\.gradle\caches\modules-2\files-2.1\io.netty\netty-codec-http\4.1.127.Final\c4c3fa12be76064a7a96631959641bcd600e6556\netty-codec-http-4.1.127.Final.jar;C:\Users\VICTUS\.gradle\caches\modules-2\files-2.1\io.netty\netty-handler\4.1.127.Final\5e9ee8931666a12b52340309f92d51d0b49611de\netty-handler-4.1.127.Final.jar;C:\Users\VICTUS\.gradle\caches\modules-2\files-2.1\io.netty\netty-transport\4.1.127.Final\9925d9d6be72436b661ba6a71cc8d2897fe83cf0\netty-transport-4.1.127.Final.jar;C:\Users\VICTUS\.gradle\caches\modules-2\files-2.1\com.fasterxml.jackson.core\jackson-core\2.19.2\50f3b4bd59b9ff51a0ed493e7b5abaf5c39709bf\jackson-core-2.19.2.jar;C:\Users\VICTUS\.gradle\caches\modules-2\files-2.1\com.google.oauth-client\google-oauth-client\1.34.1\4a4f88c5e13143f882268c98239fb85c3b2c6cb2\google-oauth-client-1.34.1.jar;C:\Users\VICTUS\.gradle\caches\modules-2\files-2.1\com.google.http-client\google-http-client-gson\1.43.1\6f000784f9813ee33f976e42822d98ffacf3dbd\google-http-client-gson-1.43.1.jar;C:\Users\VICTUS\.gradle\caches\modules-2\files-2.1\com.google.http-client\google-http-client-apache-v2\1.43.1\de73ac2958a45ca67651ce30f47eefa1f7497a6d\google-http-client-apache-v2-1.43.1.jar;C:\Users\VICTUS\.gradle\caches\modules-2\files-2.1\io.opencensus\opencensus-contrib-http-util\0.31.1\3c13fc5715231fadb16a9b74a44d9d59c460cfa8\opencensus-contrib-http-util-0.31.1.jar;C:\Users\VICTUS\.gradle\caches\modules-2\files-2.1\com.google.guava\failureaccess\1.0.1\1dcf1de382a0bf95a3d8b0849546c88bac1292c9\failureaccess-1.0.1.jar;C:\Users\VICTUS\.gradle\caches\modules-2\files-2.1\com.google.guava\listenablefuture\9999.0-empty-to-avoid-conflict-with-guava\b421526c5f297295adef1c886e5246c39d4ac629\listenablefuture-9999.0-empty-to-avoid-conflict-with-guava.jar;C:\Users\VICTUS\.gradle\caches\modules-2\files-2.1\com.google.code.gson\gson\2.13.2\48b8230771e573b54ce6e867a9001e75977fe78e\gson-2.13.2.jar;C:\Users\VICTUS\.gradle\caches\modules-2\files-2.1\com.google.errorprone\error_prone_annotations\2.41.0\4381275efdef6ddfae38f002c31e84cd001c97f0\error_prone_annotations-2.41.0.jar;C:\Users\VICTUS\.gradle\caches\modules-2\files-2.1\com.google.j2objc\j2objc-annotations\1.3\ba035118bc8bac37d7eff77700720999acd9986d\j2objc-annotations-1.3.jar;C:\Users\VICTUS\.gradle\caches\modules-2\files-2.1\com.google.http-client\google-http-client-jackson2\1.43.1\995fbf865361d905218e486eb19313d4408ccfd9\google-http-client-jackson2-1.43.1.jar;C:\Users\VICTUS\.gradle\caches\modules-2\files-2.1\commons-codec\commons-codec\1.18.0\ee45d1cf6ec2cc2b809ff04b4dc7aec858e0df8f\commons-codec-1.18.0.jar;C:\Users\VICTUS\.gradle\caches\modules-2\files-2.1\com.google.apis\google-api-services-storage\v1-rev20230617-2.0.0\fc3f225b405303fe7cb760d578348b6b07e7ea8b\google-api-services-storage-v1-rev20230617-2.0.0.jar;C:\Users\VICTUS\.gradle\caches\modules-2\files-2.1\com.google.cloud\google-cloud-core\2.19.0\38bb9bb69f3cb2b32df008840b1d3a2ad2a72594\google-cloud-core-2.19.0.jar;C:\Users\VICTUS\.gradle\caches\modules-2\files-2.1\com.google.auto.value\auto-value-annotations\1.10.1\9e5162c15f6033c524134cba05a5e93dc1d37c4b\auto-value-annotations-1.10.1.jar;C:\Users\VICTUS\.gradle\caches\modules-2\files-2.1\com.google.cloud\google-cloud-core-http\2.19.0\1fb3af1a56a219a5c5e11abfbcc088f757109670\google-cloud-core-http-2.19.0.jar;C:\Users\VICTUS\.gradle\caches\modules-2\files-2.1\com.google.http-client\google-http-client-appengine\1.43.1\c408b784269b46028c133768a439c266f8cbf553\google-http-client-appengine-1.43.1.jar;C:\Users\VICTUS\.gradle\caches\modules-2\files-2.1\com.google.api\gax-httpjson\0.114.0\e36b3a16155c34d9aca61951b9fb4187d0e8b4f3\gax-httpjson-0.114.0.jar;C:\Users\VICTUS\.gradle\caches\modules-2\files-2.1\com.google.cloud\google-cloud-core-grpc\2.19.0\3b1f6f7edf66ae3eae2a37aace4af47c55107364\google-cloud-core-grpc-2.19.0.jar;C:\Users\VICTUS\.gradle\caches\modules-2\files-2.1\com.google.api\gax\2.29.0\90ac2feab769fe45cebf78170ebfcc95edf61e3d\gax-2.29.0.jar;C:\Users\VICTUS\.gradle\caches\modules-2\files-2.1\com.google.api\gax-grpc\2.29.0\12b1972deeda8a4565fcde39fad46edea9004478\gax-grpc-2.29.0.jar;C:\Users\VICTUS\.gradle\caches\modules-2\files-2.1\io.grpc\grpc-alts\1.56.0\33ad69068719833876c4dee260ff1a07c6305a40\grpc-alts-1.56.0.jar;C:\Users\VICTUS\.gradle\caches\modules-2\files-2.1\io.grpc\grpc-grpclb\1.56.0\a035c18bf9f9bb7b44a829f3079379deb95f8a47\grpc-grpclb-1.56.0.jar;C:\Users\VICTUS\.gradle\caches\modules-2\files-2.1\org.conscrypt\conscrypt-openjdk-uber\2.5.2\d858f142ea189c62771c505a6548d8606ac098fe\conscrypt-openjdk-uber-2.5.2.jar;C:\Users\VICTUS\.gradle\caches\modules-2\files-2.1\io.grpc\grpc-auth\1.56.0\6b9e8782b4ec666e684f7480cd3a9e1602e5cb41\grpc-auth-1.56.0.jar;C:\Users\VICTUS\.gradle\caches\modules-2\files-2.1\io.grpc\grpc-protobuf\1.56.0\de43cf4ba0773cb1d6a32444ca487e3f35e6c6ac\grpc-protobuf-1.56.0.jar;C:\Users\VICTUS\.gradle\caches\modules-2\files-2.1\io.grpc\grpc-protobuf-lite\1.56.0\58e5b214be5422d5c217389617e5e760451e8abb\grpc-protobuf-lite-1.56.0.jar;C:\Users\VICTUS\.gradle\caches\modules-2\files-2.1\com.google.auth\google-auth-library-credentials\1.17.0\d16020e45fc97741407a4dccf76a9d3f62b72964\google-auth-library-credentials-1.17.0.jar;C:\Users\VICTUS\.gradle\caches\modules-2\files-2.1\javax.annotation\javax.annotation-api\1.3.2\934c04d3cfef185a8008e7bf34331b79730a9d43\javax.annotation-api-1.3.2.jar;C:\Users\VICTUS\.gradle\caches\modules-2\files-2.1\io.opencensus\opencensus-api\0.31.1\66a60c7201c2b8b20ce495f0295b32bb0ccbbc57\opencensus-api-0.31.1.jar;C:\Users\VICTUS\.gradle\caches\modules-2\files-2.1\io.grpc\grpc-context\1.56.0\9f690e203247b54cb120fbd6885e829c23385872\grpc-context-1.56.0.jar;C:\Users\VICTUS\.gradle\caches\modules-2\files-2.1\com.google.api.grpc\proto-google-iam-v1\1.15.0\62a997565bfe0cc61de5417f551c759960e96bbc\proto-google-iam-v1-1.15.0.jar;C:\Users\VICTUS\.gradle\caches\modules-2\files-2.1\com.google.protobuf\protobuf-java\3.23.2\f658ef60596ce70251ff9bc118436d5dadc3bd2a\protobuf-java-3.23.2.jar;C:\Users\VICTUS\.gradle\caches\modules-2\files-2.1\com.google.protobuf\protobuf-java-util\3.23.2\645a4c458c87399503a7a8e3d1dfbe043c94ea4d\protobuf-java-util-3.23.2.jar;C:\Users\VICTUS\.gradle\caches\modules-2\files-2.1\com.google.api.grpc\proto-google-common-protos\2.20.0\30b43864217dba8c288d6d682352104f50e74c80\proto-google-common-protos-2.20.0.jar;C:\Users\VICTUS\.gradle\caches\modules-2\files-2.1\org.threeten\threetenbp\1.6.8\4c65b7b43f3fe31350f74cb7d0b2461e111e8dd0\threetenbp-1.6.8.jar;C:\Users\VICTUS\.gradle\caches\modules-2\files-2.1\com.google.api.grpc\proto-google-cloud-storage-v2\2.23.0-alpha\ff5c5cdf860fbb7ef9743a338ca1e5d15e5d9450\proto-google-cloud-storage-v2-2.23.0-alpha.jar;C:\Users\VICTUS\.gradle\caches\modules-2\files-2.1\com.google.api.grpc\grpc-google-cloud-storage-v2\2.23.0-alpha\ddd7105476a549ee8cd433cc633ee9b7d228bf71\grpc-google-cloud-storage-v2-2.23.0-alpha.jar;C:\Users\VICTUS\.gradle\caches\modules-2\files-2.1\com.google.api.grpc\gapic-google-cloud-storage-v2\2.23.0-alpha\2c225e46390429260bc915f6b4380cea3ba4d248\gapic-google-cloud-storage-v2-2.23.0-alpha.jar;C:\Users\VICTUS\.gradle\caches\modules-2\files-2.1\com.google.code.findbugs\jsr305\3.0.2\25ea2e8b0c338a877313bd4672d3fe056ea78f0d\jsr305-3.0.2.jar;C:\Users\VICTUS\.gradle\caches\modules-2\files-2.1\io.grpc\grpc-api\1.56.0\2149f665531882aa758dab24ba2556197c2c1fa6\grpc-api-1.56.0.jar;C:\Users\VICTUS\.gradle\caches\modules-2\files-2.1\io.grpc\grpc-stub\1.56.0\46e5bc1caa5fc3ea50aaf386658a1c2bb57d84c8\grpc-stub-1.56.0.jar;C:\Users\VICTUS\.gradle\caches\modules-2\files-2.1\org.checkerframework\checker-qual\3.32.0\54ebd61f46b58b862c779e034073a93489ab3faf\checker-qual-3.32.0.jar;C:\Users\VICTUS\.gradle\caches\modules-2\files-2.1\org.springframework\spring-jdbc\6.2.11\8aadfc8bed1630563c65bb5628e2175ecd508998\spring-jdbc-6.2.11.jar;C:\Users\VICTUS\.gradle\caches\modules-2\files-2.1\com.zaxxer\HikariCP\6.3.3\7c5aec1e47a97ff40977e0193018865304ea9585\HikariCP-6.3.3.jar;C:\Users\VICTUS\.gradle\caches\modules-2\files-2.1\org.springframework\spring-orm\6.2.11\d14df2d6ecddd2984ef5590d73c5178d7df25c11\spring-orm-6.2.11.jar;C:\Users\VICTUS\.gradle\caches\modules-2\files-2.1\org.springframework.data\spring-data-commons\3.5.4\b61f6528cb8b39b471775a4b27f0437f6646f1e6\spring-data-commons-3.5.4.jar;C:\Users\VICTUS\.gradle\caches\modules-2\files-2.1\org.springframework\spring-tx\6.2.11\f2b8bef65f6682019002c12a628886637e596261\spring-tx-6.2.11.jar;C:\Users\VICTUS\.gradle\caches\modules-2\files-2.1\org.antlr\antlr4-runtime\4.13.0\5a02e48521624faaf5ff4d99afc88b01686af655\antlr4-runtime-4.13.0.jar;C:\Users\VICTUS\.gradle\caches\modules-2\files-2.1\jakarta.persistence\jakarta.persistence-api\3.1.0\66901fa1c373c6aff65c13791cc11da72060a8d6\jakarta.persistence-api-3.1.0.jar;C:\Users\VICTUS\.gradle\caches\modules-2\files-2.1\jakarta.transaction\jakarta.transaction-api\2.0.1\51a520e3fae406abb84e2e1148e6746ce3f80a1a\jakarta.transaction-api-2.0.1.jar;C:\Users\VICTUS\.gradle\caches\modules-2\files-2.1\org.aspectj\aspectjweaver\1.9.24\9b5aeb0cea9f958b9c57fb80e62996e95a3e9379\aspectjweaver-1.9.24.jar;C:\Users\VICTUS\.gradle\caches\modules-2\files-2.1\jakarta.validation\jakarta.validation-api\3.0.2\92b6631659ba35ca09e44874d3eb936edfeee532\jakarta.validation-api-3.0.2.jar;C:\Users\VICTUS\.gradle\caches\modules-2\files-2.1\org.jboss.logging\jboss-logging\3.6.1.Final\886afbb445b4016a37c8960a7aef6ebd769ce7e5\jboss-logging-3.6.1.Final.jar;C:\Users\VICTUS\.gradle\caches\modules-2\files-2.1\com.fasterxml\classmate\1.7.0\e98374da1f2143ac8e6e0a95036994bb19137a3\classmate-1.7.0.jar;C:\Users\VICTUS\.gradle\caches\modules-2\files-2.1\org.apache.tomcat.embed\tomcat-embed-websocket\10.1.46\e98da6e2f659ec02062d2c84a07b7262e82d8b74\tomcat-embed-websocket-10.1.46.jar;C:\Users\VICTUS\.gradle\caches\modules-2\files-2.1\org.apache.tomcat.embed\tomcat-embed-core\10.1.46\64d4eee6e42eb61492a7b84d458327bfb1c1d957\tomcat-embed-core-10.1.46.jar;C:\Users\VICTUS\.gradle\caches\modules-2\files-2.1\com.fasterxml.jackson.core\jackson-annotations\2.19.2\c5381f11988ae3d424b197a26087d86067b6d7d\jackson-annotations-2.19.2.jar;C:\Users\VICTUS\.gradle\caches\modules-2\files-2.1\org.springframework.boot\spring-boot-actuator\3.5.6\cf67879f31058782b4a04a4c19978f30c5cb477c\spring-boot-actuator-3.5.6.jar;C:\Users\VICTUS\.gradle\caches\modules-2\files-2.1\io.micrometer\micrometer-core\1.15.4\603fe6d384d9b58ab709f4ca17baa9ca17ce7a4\micrometer-core-1.15.4.jar;C:\Users\VICTUS\.gradle\caches\modules-2\files-2.1\io.micrometer\micrometer-commons\1.15.4\f73f10deeee5700b15c2f0f41ae79e2689b39613\micrometer-commons-1.15.4.jar;C:\Users\VICTUS\.gradle\caches\modules-2\files-2.1\jakarta.activation\jakarta.activation-api\2.1.4\9e5c2a0d75dde71a0bedc4dbdbe47b78a5dc50f8\jakarta.activation-api-2.1.4.jar;C:\Users\VICTUS\.gradle\caches\modules-2\files-2.1\org.springframework.batch\spring-batch-infrastructure\5.2.3\b7b67e34ef87ec9608371f1994798f54ded13b83\spring-batch-infrastructure-5.2.3.jar;C:\Users\VICTUS\.gradle\caches\modules-2\files-2.1\ch.qos.logback\logback-classic\1.5.18\fc371f3fc97a639de2d67947cffb7518ec5e3d40\logback-classic-1.5.18.jar;C:\Users\VICTUS\.gradle\caches\modules-2\files-2.1\org.apache.logging.log4j\log4j-to-slf4j\2.24.3\da1143e2a2531ee1c2d90baa98eb50a28a39d5a7\log4j-to-slf4j-2.24.3.jar;C:\Users\VICTUS\.gradle\caches\modules-2\files-2.1\org.slf4j\jul-to-slf4j\2.0.17\524cb6ccc2b68a57604750e1ab8b13b5a786a6aa\jul-to-slf4j-2.0.17.jar;C:\Users\VICTUS\.gradle\caches\modules-2\files-2.1\org.springframework\spring-jcl\6.2.11\819fc7e968ac07d4b042be7cfb8d99c267142ac7\spring-jcl-6.2.11.jar;C:\Users\VICTUS\.gradle\caches\modules-2\files-2.1\org.apache.httpcomponents\httpclient\4.5.14\1194890e6f56ec29177673f2f12d0b8e627dec98\httpclient-4.5.14.jar;C:\Users\VICTUS\.gradle\caches\modules-2\files-2.1\org.apache.httpcomponents\httpcore\4.4.16\51cf043c87253c9f58b539c9f7e44c8894223850\httpcore-4.4.16.jar;C:\Users\VICTUS\.gradle\caches\modules-2\files-2.1\com.google.cloud\proto-google-cloud-firestore-bundle-v1\3.13.0\f0373e042c43ba0e23200b651d86b51c2674c9b3\proto-google-cloud-firestore-bundle-v1-3.13.0.jar;C:\Users\VICTUS\.gradle\caches\modules-2\files-2.1\com.google.api.grpc\proto-google-cloud-firestore-v1\3.13.0\f83a75f59626de2efdf8101a44bbd6f00fff3f62\proto-google-cloud-firestore-v1-3.13.0.jar;C:\Users\VICTUS\.gradle\caches\modules-2\files-2.1\commons-logging\commons-logging\1.2\4bfc12adfe4842bf07b657f0369c4cb522955686\commons-logging-1.2.jar;C:\Users\VICTUS\.gradle\caches\modules-2\files-2.1\io.opencensus\opencensus-contrib-grpc-util\0.31.1\89b1d2f8f64749256983446cbdfae25da5450de7\opencensus-contrib-grpc-util-0.31.1.jar;C:\Users\VICTUS\.gradle\caches\modules-2\files-2.1\io.grpc\grpc-core\1.55.1\22f7c8a91d325072a2bd4921fbe37145e785c231\grpc-core-1.55.1.jar;C:\Users\VICTUS\.gradle\caches\modules-2\files-2.1\io.grpc\grpc-netty-shaded\1.55.1\6c7eba2b4ac84024d080e9d410a810548efff419\grpc-netty-shaded-1.55.1.jar;C:\Users\VICTUS\.gradle\caches\modules-2\files-2.1\io.netty\netty-codec\4.1.127.Final\b05d16b459b6c6042197a1f3aef671cf535767c3\netty-codec-4.1.127.Final.jar;C:\Users\VICTUS\.gradle\caches\modules-2\files-2.1\io.netty\netty-buffer\4.1.127.Final\356b4f2e759d36fec774cd17e583a7609d8ec15d\netty-buffer-4.1.127.Final.jar;C:\Users\VICTUS\.gradle\caches\modules-2\files-2.1\io.netty\netty-common\4.1.127.Final\ada4ab671678f956e1cd5067ba94bc340af1d8bf\netty-common-4.1.127.Final.jar;C:\Users\VICTUS\.gradle\caches\modules-2\files-2.1\io.netty\netty-transport-native-unix-common\4.1.127.Final\9cc0512d2ddfe9ae76c6db796e1980a8bdbadae1\netty-transport-native-unix-common-4.1.127.Final.jar;C:\Users\VICTUS\.gradle\caches\modules-2\files-2.1\io.netty\netty-resolver\4.1.127.Final\2b34a14b6ec23761d6d2300a1c261914401f2553\netty-resolver-4.1.127.Final.jar;C:\Users\VICTUS\.gradle\caches\modules-2\files-2.1\org.springframework.retry\spring-retry\2.0.12\62a14736086ffd6f382f0df3bf066a5a34f174fa\spring-retry-2.0.12.jar;C:\Users\VICTUS\.gradle\caches\modules-2\files-2.1\ch.qos.logback\logback-core\1.5.18\6c0375624f6f36b4e089e2488ba21334a11ef13f\logback-core-1.5.18.jar;C:\Users\VICTUS\.gradle\caches\modules-2\files-2.1\org.apache.logging.log4j\log4j-api\2.24.3\b02c125db8b6d295adf72ae6e71af5d83bce2370\log4j-api-2.24.3.jar;C:\Users\VICTUS\.gradle\caches\modules-2\files-2.1\io.jsonwebtoken\jjwt-impl\0.11.2\8fd8acf9d3cb9a2db05bfa484c2a1408cc3507f9\jjwt-impl-0.11.2.jar;C:\Users\VICTUS\.gradle\caches\modules-2\files-2.1\io.jsonwebtoken\jjwt-jackson\0.11.2\bff0b63d4cbace7b38551a70350875e69201ffeb\jjwt-jackson-0.11.2.jar;C:\Users\VICTUS\.gradle\caches\modules-2\files-2.1\com.oracle.database.jdbc\ojdbc11\23.7.0.25.01\665f52abef9122ce003b5cfc1d9d44f7302e2cfe\ojdbc11-23.7.0.25.01.jar;C:\Users\VICTUS\.gradle\caches\modules-2\files-2.1\io.grpc\grpc-netty-shaded\1.56.0\c58703fd48769bc0e1629369c59c5a8a195fd8a8\grpc-netty-shaded-1.56.0.jar;C:\Users\VICTUS\.gradle\caches\modules-2\files-2.1\io.perfmark\perfmark-api\0.26.0\ef65452adaf20bf7d12ef55913aba24037b82738\perfmark-api-0.26.0.jar;C:\Users\VICTUS\.gradle\caches\modules-2\files-2.1\io.grpc\grpc-core\1.56.0\f9515b43a4f7a2d09c712cb6bce2659f036b2aa6\grpc-core-1.56.0.jar;C:\Users\VICTUS\.gradle\caches\modules-2\files-2.1\com.google.android\annotations\4.1.1.4\a1678ba907bf92691d879fef34e1a187038f9259\annotations-4.1.1.4.jar;C:\Users\VICTUS\.gradle\caches\modules-2\files-2.1\org.codehaus.mojo\animal-sniffer-annotations\1.23\3c0daebd5f0e1ce72cc50c818321ac957aeb5d70\animal-sniffer-annotations-1.23.jar;C:\Users\VICTUS\.gradle\caches\modules-2\files-2.1\io.grpc\grpc-googleapis\1.56.0\3e0bfd8c00c14a7eb49914af818222f0fce900ec\grpc-googleapis-1.56.0.jar;C:\Users\VICTUS\.gradle\caches\modules-2\files-2.1\io.grpc\grpc-xds\1.56.0\2898653c90c8202ee1038d28d81f5cbedf2af545\grpc-xds-1.56.0.jar;C:\Users\VICTUS\.gradle\caches\modules-2\files-2.1\io.opencensus\opencensus-proto\0.2.0\c05b6b32b69d5d9144087ea0ebc6fab183fb9151\opencensus-proto-0.2.0.jar;C:\Users\VICTUS\.gradle\caches\modules-2\files-2.1\io.grpc\grpc-services\1.56.0\4c9b37b8228796c302a11b91d29775001082ab3f\grpc-services-1.56.0.jar;C:\Users\VICTUS\.gradle\caches\modules-2\files-2.1\com.google.re2j\re2j\1.7\2949632c1b4acce0d7784f28e3152e9cf3c2ec7a\re2j-1.7.jar;C:\Users\VICTUS\.gradle\caches\modules-2\files-2.1\io.grpc\grpc-rls\1.56.0\c7752ad0fab7ca0e88eb2b00d4c1f49c3168a46a\grpc-rls-1.56.0.jar;C:\Users\VICTUS\.gradle\caches\modules-2\files-2.1\org.hibernate.common\hibernate-commons-annotations\7.0.3.Final\e183c4be8bb41d12e9f19b374e00c34a0a85f439\hibernate-commons-annotations-7.0.3.Final.jar;C:\Users\VICTUS\.gradle\caches\modules-2\files-2.1\io.smallrye\jandex\3.2.0\f17ad860f62a08487b9edabde608f8ac55c62fa7\jandex-3.2.0.jar;C:\Users\VICTUS\.gradle\caches\modules-2\files-2.1\net.bytebuddy\byte-buddy\1.17.7\3856bfab61beb23e099a0d6629f2ba8de4b98ace\byte-buddy-1.17.7.jar;C:\Users\VICTUS\.gradle\caches\modules-2\files-2.1\org.glassfish.jaxb\jaxb-runtime\4.0.5\ca84c2a7169b5293e232b9d00d1e4e36d4c3914a\jaxb-runtime-4.0.5.jar;C:\Users\VICTUS\.gradle\caches\modules-2\files-2.1\jakarta.xml.bind\jakarta.xml.bind-api\4.0.2\6cd5a999b834b63238005b7144136379dc36cad2\jakarta.xml.bind-api-4.0.2.jar;C:\Users\VICTUS\.gradle\caches\modules-2\files-2.1\jakarta.inject\jakarta.inject-api\2.0.1\4c28afe1991a941d7702fe1362c365f0a8641d1e\jakarta.inject-api-2.0.1.jar;C:\Users\VICTUS\.gradle\caches\modules-2\files-2.1\org.eclipse.angus\angus-activation\2.0.2\41f1e0ddd157c856926ed149ab837d110955a9fc\angus-activation-2.0.2.jar;C:\Users\VICTUS\.gradle\caches\modules-2\files-2.1\org.glassfish.jaxb\jaxb-core\4.0.5\7b4b11ea5542eea4ad55e1080b23be436795b3\jaxb-core-4.0.5.jar;C:\Users\VICTUS\.gradle\caches\modules-2\files-2.1\org.hdrhistogram\HdrHistogram\2.2.2\7959933ebcc0f05b2eaa5af0a0c8689fa257b15c\HdrHistogram-2.2.2.jar;C:\Users\VICTUS\.gradle\caches\modules-2\files-2.1\org.latencyutils\LatencyUtils\2.0.3\769c0b82cb2421c8256300e907298a9410a2a3d3\LatencyUtils-2.0.3.jar;C:\Users\VICTUS\.gradle\caches\modules-2\files-2.1\org.glassfish.jaxb\txw2\4.0.5\f36a4ef12120a9bb06d766d6a0e54b144fd7ed98\txw2-4.0.5.jar;C:\Users\VICTUS\.gradle\caches\modules-2\files-2.1\com.sun.istack\istack-commons-runtime\4.1.2\18ec117c85f3ba0ac65409136afa8e42bc74e739\istack-commons-runtime-4.1.2.jar
Launcher Type: SUN_STANDARD

[Global flags]
     intx CICompilerCount                          = 4                                         {product} {ergonomic}
     uint ConcGCThreads                            = 3                                         {product} {ergonomic}
     uint G1ConcRefinementThreads                  = 10                                        {product} {ergonomic}
   size_t G1HeapRegionSize                         = 4194304                                   {product} {ergonomic}
    uintx GCDrainStackTargetSize                   = 64                                        {product} {ergonomic}
   size_t InitialHeapSize                          = 532676608                                 {product} {ergonomic}
     bool ManagementServer                         = true                                      {product} {command line}
   size_t MarkStackSize                            = 4194304                                   {product} {ergonomic}
   size_t MaxHeapSize                              = 8497659904                                {product} {ergonomic}
   size_t MinHeapDeltaBytes                        = 4194304                                   {product} {ergonomic}
   size_t MinHeapSize                              = 8388608                                   {product} {ergonomic}
    uintx NonNMethodCodeHeapSize                   = 4096                                   {pd product} {ergonomic}
    uintx NonProfiledCodeHeapSize                  = 0                                      {pd product} {ergonomic}
     bool ProfileInterpreter                       = false                                  {pd product} {command line}
    uintx ProfiledCodeHeapSize                     = 0                                      {pd product} {ergonomic}
   size_t SoftMaxHeapSize                          = 8497659904                             {manageable} {ergonomic}
     intx TieredStopAtLevel                        = 1                                         {product} {command line}
     bool UseCompressedOops                        = true                           {product lp64_product} {ergonomic}
     bool UseG1GC                                  = true                                      {product} {ergonomic}
     bool UseLargePagesIndividualAllocation        = false                                  {pd product} {ergonomic}

Logging:
Log output configuration:
 #0: stdout all=warning uptime,level,tags foldmultilines=false
 #1: stderr all=off uptime,level,tags foldmultilines=false

Environment Variables:
JAVA_HOME=D:\Unity Editor\6000.1.1f1\Editor\Data\PlaybackEngines\AndroidPlayer\OpenJDK
PATH=D:\Oracle21c\dbhomeXE\bin;C:\app\VICTUS\product\21c\dbhomeXE\bin;C:\Program Files\Common Files\Oracle\Java\javapath;C:\Program Files (x86)\Common Files\Oracle\Java\java8path;C:\Program Files (x86)\Common Files\Oracle\Java\javapath;C:\Windows\system32;C:\Windows;C:\Windows\System32\Wbem;C:\Windows\System32\WindowsPowerShell\v1.0\;C:\Windows\System32\OpenSSH\;C:\Program Files (x86)\NVIDIA Corporation\PhysX\Common;C:\xampp\php;C:\Program Files\nodejs\;C:\Program Files\Docker\Docker\resources\bin;C:\Program Files\Git\cmd;C:\Users\VICTUS\Downloads\AOACHE MAVEN\apache-maven-3.9.9\bin;C:\Program Files\playit_gg\bin\;C:\WINDOWS\system32;C:\WINDOWS;C:\WINDOWS\System32\Wbem;C:\WINDOWS\System32\WindowsPowerShell\v1.0\;C:\WINDOWS\System32\OpenSSH\;C:\Program Files\dotnet\;D:\Python\;D:\Python\Scripts\;C:\Program Files\VideoLAN\VLC;C:\Program Files\NVIDIA Corporation\NVIDIA App\NvDLISR;C:\Users\VICTUS\AppData\Local\Android\Sdk\emulator;C:\Users\VICTUS\AppData\Local\Android\Sdk\platform-tools;D:\PuTTY\;C:\Users\VICTUS\.console-ninja\.bin;C:\Users\VICTUS\AppData\Local\Microsoft\WindowsApps;C:\Users\VICTUS\AppData\Local\Programs\Microsoft VS Code\bin;C:\Users\VICTUS\AppData\Roaming\npm;D:\Intelli IDEA\IntelliJ IDEA 2024.3\bin;;D:\MAVEN\apache-maven-3.9.9\bin;D:\Unity Editor\6000.1.1f1\Editor\Data\PlaybackEngines\AndroidPlayer\OpenJDK\bin;D:\Android_tools\cmdline-tools\bin;D:\Android_tools\platform-tools;C:\Users\VICTUS\AppData\Local\Microsoft\WindowsApps;D:\Cloud Google\google-cloud-sdk\bin;D:\ffmpeg\ffmpeg-7.0.2-essentials_build\bin;C:\Users\VICTUS\.dotnet\tools;D:\Flutter SDK UWU\flutter\bin;D:\Gradle\gradle-8.11.1\bin;
USERNAME=VICTUS
OS=Windows_NT
PROCESSOR_IDENTIFIER=Intel64 Family 6 Model 141 Stepping 1, GenuineIntel
TMP=C:\Users\VICTUS\AppData\Local\Temp
TEMP=C:\Users\VICTUS\AppData\Local\Temp




Periodic native trim disabled

---------------  S Y S T E M  ---------------

OS:
 Windows 11 , 64 bit Build 26100 (10.0.26100.7019)
OS uptime: 1 days 19:49 hours
Hyper-V role detected

CPU: total 12 (initial active 12) (6 cores per cpu, 2 threads per core) family 6 model 141 stepping 1 microcode 0x4e, cx8, cmov, fxsr, ht, mmx, 3dnowpref, sse, sse2, sse3, ssse3, sse4.1, sse4.2, popcnt, lzcnt, tsc, tscinvbit, avx, avx2, aes, erms, clmul, bmi1, bmi2, adx, avx512f, avx512dq, avx512cd, avx512bw, avx512vl, sha, fma, vzeroupper, avx512_vpopcntdq, avx512_vpclmulqdq, avx512_vaes, avx512_vnni, clflush, clflushopt, clwb, avx512_vbmi2, avx512_vbmi, hv, rdtscp, rdpid, fsrm, gfni, avx512_bitalg, f16c, cet_ibt, cet_ss, avx512_ifma
Processor Information for all 12 processors :
  Max Mhz: 2688, Current Mhz: 2688, Mhz Limit: 2688

Memory: 4k page, system-wide physical 32405M (13360M free)
TotalPageFile size 40597M (AvailPageFile size 46M)
current process WorkingSet (physical memory assigned to process): 13M, peak: 13M
current process commit charge ("private bytes"): 60M, peak: 568M

vm_info: Java HotSpot(TM) 64-Bit Server VM (21.0.5+9-LTS-239) for windows-amd64 JRE (21.0.5+9-LTS-239), built on 2024-09-30T05:17:38Z by "mach5one" with MS VC++ 17.6 (VS2022)

END.
